2022-12-19 14:08:16 INFO  HomePage :21 - verify checkout text on page[[ChromeDriver: chrome on WINDOWS (68b82d1022a7374fb05148f10edab225)] -> xpath: //h1[contains(text(),'Checkout')]]
2022-12-19 14:08:17 INFO  HomePage :33 - verify New customer text[[ChromeDriver: chrome on WINDOWS (68b82d1022a7374fb05148f10edab225)] -> xpath: //h2[contains(text(),'New Customer')]]
2022-12-19 14:08:18 INFO  HomePage :46 - click on guest checkout[[ChromeDriver: chrome on WINDOWS (68b82d1022a7374fb05148f10edab225)] -> xpath: //input[@value='guest']]
2022-12-19 14:08:20 INFO  HomePage :58 - click on continue[[ChromeDriver: chrome on WINDOWS (68b82d1022a7374fb05148f10edab225)] -> id: button-account]
2022-12-19 14:08:21 INFO  HomePage :67 - First name Jenna[[ChromeDriver: chrome on WINDOWS (68b82d1022a7374fb05148f10edab225)] -> id: input-payment-firstname]
2022-12-19 14:08:21 INFO  HomePage :77 - Last name Munim[[ChromeDriver: chrome on WINDOWS (68b82d1022a7374fb05148f10edab225)] -> id: input-payment-lastname]
2022-12-19 14:08:21 INFO  HomePage :87 - Email Jennamun@gmail.com[[ChromeDriver: chrome on WINDOWS (68b82d1022a7374fb05148f10edab225)] -> id: input-payment-email]
2022-12-19 14:08:21 INFO  HomePage :96 - Telephone no is 0208564585[[ChromeDriver: chrome on WINDOWS (68b82d1022a7374fb05148f10edab225)] -> id: input-payment-telephone]
2022-12-19 14:08:21 INFO  HomePage :105 - Address is 20.hanver lane[[ChromeDriver: chrome on WINDOWS (68b82d1022a7374fb05148f10edab225)] -> id: input-payment-address-1]
2022-12-19 14:08:21 INFO  HomePage :114 - City name is London[[ChromeDriver: chrome on WINDOWS (68b82d1022a7374fb05148f10edab225)] -> id: input-payment-city]
2022-12-19 14:08:21 INFO  HomePage :124 - Postcode is  LS2 4ZX[[ChromeDriver: chrome on WINDOWS (68b82d1022a7374fb05148f10edab225)] -> id: input-payment-postcode]
2022-12-19 14:08:21 INFO  HomePage :135 - Country name Switzerland[[ChromeDriver: chrome on WINDOWS (68b82d1022a7374fb05148f10edab225)] -> xpath: //select[@id='input-payment-country']]
2022-12-19 14:08:21 INFO  HomePage :145 - Region is Bern[[ChromeDriver: chrome on WINDOWS (68b82d1022a7374fb05148f10edab225)] -> xpath: //select[@id='input-payment-zone']]
2022-12-19 14:08:21 INFO  HomePage :155 - click on continue[[ChromeDriver: chrome on WINDOWS (68b82d1022a7374fb05148f10edab225)] -> id: button-guest]
2022-12-19 14:08:22 INFO  HomePage :167 - Please delivary onTime[[ChromeDriver: chrome on WINDOWS (68b82d1022a7374fb05148f10edab225)] -> xpath: //body/div[@id='checkout-checkout']/div[1]/div[1]/div[1]/div[3]/div[2]/div[1]/p[2]/textarea[1]]
2022-12-19 14:08:23 INFO  HomePage :179 - clickOnTermsAndCondition[[ChromeDriver: chrome on WINDOWS (68b82d1022a7374fb05148f10edab225)] -> xpath: //input[@type='checkbox']]
2022-12-19 14:08:24 INFO  HomePage :190 - click on continue[[ChromeDriver: chrome on WINDOWS (68b82d1022a7374fb05148f10edab225)] -> id: button-payment-method]
2022-12-19 14:08:25 INFO  HomePage :202 - “Warning: Payment method required [[ChromeDriver: chrome on WINDOWS (68b82d1022a7374fb05148f10edab225)] -> xpath: //body/div[@id='checkout-checkout']/div[1]/div[1]/div[1]/div[3]/div[2]/div[1]/div[1]]
2022-12-19 14:10:16 INFO  HomePage :22 - Your Account Has Been Created![[ChromeDriver: chrome on WINDOWS (ea0540a93ee45bf7a23b91edf7ef481e)] -> xpath: //h1[contains(text(),'Your Account Has Been Created!')]]
2022-12-19 14:10:16 INFO  HomePage :35 - click on countinue tab[[ChromeDriver: chrome on WINDOWS (ea0540a93ee45bf7a23b91edf7ef481e)] -> link text: Continue]
2022-12-20 13:07:23 INFO  HomePage :68 - click on desktop tab[[ChromeDriver: chrome on WINDOWS (d3dbf46b1c833323a696cd416c408511)] -> link text: Desktops]
2022-12-20 13:07:23 INFO  HomePage :79 - click on All desktop tab[[ChromeDriver: chrome on WINDOWS (d3dbf46b1c833323a696cd416c408511)] -> link text: Show All Desktops]
2022-12-20 13:07:24 INFO  DesktopsPage :59 - click on Z to A[[ChromeDriver: chrome on WINDOWS (d3dbf46b1c833323a696cd416c408511)] -> xpath: //select[@id='input-sort']]
2022-12-20 13:07:29 INFO  HomePage :61 - click on laptop and notebook[[ChromeDriver: chrome on WINDOWS (f06a53a8bbf1f7c10d7d6087478123a7)] -> link text: Laptops & Notebooks]
2022-12-20 13:07:31 INFO  LaptopAndNoteBookPage :41 - sort product high to low - Price (High > Low)[[ChromeDriver: chrome on WINDOWS (f06a53a8bbf1f7c10d7d6087478123a7)] -> xpath: //select[@id='input-sort']]
2022-12-20 13:07:38 INFO  RegisterAccountPage :22 - Verify Register account text[[ChromeDriver: chrome on WINDOWS (2146227845210d3661ad41ac8d58f8e2)] -> xpath: //h1[contains(text(),'Register Account')]]
2022-12-20 13:07:42 INFO  HomePage :68 - click on desktop tab[[ChromeDriver: chrome on WINDOWS (5ed8055f1c6f30146fc473f86c0af2f4)] -> link text: Desktops]
2022-12-20 13:07:42 INFO  HomePage :79 - click on All desktop tab[[ChromeDriver: chrome on WINDOWS (5ed8055f1c6f30146fc473f86c0af2f4)] -> link text: Show All Desktops]
2022-12-20 13:07:43 INFO  DesktopsPage :43 - verify desktop text[[ChromeDriver: chrome on WINDOWS (5ed8055f1c6f30146fc473f86c0af2f4)] -> xpath: //h2[contains(text(),'Desktops')]]
2022-12-20 13:08:21 INFO  HomePage :68 - click on desktop tab[[ChromeDriver: chrome on WINDOWS (835f6d1c59afce6f2bc276b67b0b5f50)] -> link text: Desktops]
2022-12-20 13:08:21 INFO  HomePage :79 - click on All desktop tab[[ChromeDriver: chrome on WINDOWS (835f6d1c59afce6f2bc276b67b0b5f50)] -> link text: Show All Desktops]
2022-12-20 13:08:22 INFO  HomePage :96 - click on currency[[ChromeDriver: chrome on WINDOWS (835f6d1c59afce6f2bc276b67b0b5f50)] -> xpath: //span[contains(text(),'Currency')]]
2022-12-20 13:08:23 INFO  HomePage :103 - Select currency pound [[ChromeDriver: chrome on WINDOWS (835f6d1c59afce6f2bc276b67b0b5f50)] -> xpath: //button[contains(text(),'£ Pound Sterling')]]
2022-12-20 13:08:23 INFO  DesktopsPage :51 - click on A toZ [[ChromeDriver: chrome on WINDOWS (835f6d1c59afce6f2bc276b67b0b5f50)] -> xpath: //select[@id='input-sort']]
2022-12-20 13:08:25 INFO  DesktopsPage :37 - click on HP Laptop[[ChromeDriver: chrome on WINDOWS (835f6d1c59afce6f2bc276b67b0b5f50)] -> xpath: //a[contains(text(),'HP LP3065')]]
2022-12-20 13:08:25 INFO  ProductLP3065Page :23 - Verify Laptop text[[ChromeDriver: chrome on WINDOWS (835f6d1c59afce6f2bc276b67b0b5f50)] -> xpath: //h1[contains(text(),'HP LP3065')]]
2022-12-20 13:08:33 INFO  ProductLP3065Page :88 - Quantity enter : [[ChromeDriver: chrome on WINDOWS (835f6d1c59afce6f2bc276b67b0b5f50)] -> name: quantity]
2022-12-20 13:08:33 INFO  ProductLP3065Page :74 - click on Add to cart[[ChromeDriver: chrome on WINDOWS (835f6d1c59afce6f2bc276b67b0b5f50)] -> xpath: //button[@id='button-cart']]
2022-12-20 13:08:34 INFO  ShoppingCartPage :58 - click on shopping  cart[[ChromeDriver: chrome on WINDOWS (835f6d1c59afce6f2bc276b67b0b5f50)] -> xpath: //div[@class='alert alert-success alert-dismissible']/a[2]]
2022-12-20 13:08:34 INFO  ShoppingCartPage :86 - Verify ShoppingCart text[[ChromeDriver: chrome on WINDOWS (835f6d1c59afce6f2bc276b67b0b5f50)] -> xpath: //div[@id='content']//h1]
2022-12-20 13:08:34 INFO  ShoppingCartPage :62 - Verify product name is : HP LP3065[[ChromeDriver: chrome on WINDOWS (835f6d1c59afce6f2bc276b67b0b5f50)] -> xpath: //div[@class = 'table-responsive']/table/tbody/tr/td[2]/a]
2022-12-20 13:08:34 INFO  ShoppingCartPage :70 -  Delivery Date  : 2022-11-30[[ChromeDriver: chrome on WINDOWS (835f6d1c59afce6f2bc276b67b0b5f50)] -> xpath: //div[@class = 'table-responsive']/table/tbody/tr/td[2]/small[1]]
2022-12-20 13:08:34 INFO  ShoppingCartPage :78 - the Model : Product21[[ChromeDriver: chrome on WINDOWS (835f6d1c59afce6f2bc276b67b0b5f50)] -> xpath: //div[@class = 'table-responsive']/table/tbody/tr/td[3]]
2022-12-20 13:08:34 INFO  ShoppingCartPage :94 -  the Todat  £74.73[[ChromeDriver: chrome on WINDOWS (835f6d1c59afce6f2bc276b67b0b5f50)] -> xpath: //div[@class = 'table-responsive']/table/tbody/tr/td[6]]
2022-12-20 13:08:38 INFO  HomePage :61 - click on laptop and notebook[[ChromeDriver: chrome on WINDOWS (c829f88bcb68c2f68eda60bac733cc7a)] -> link text: Laptops & Notebooks]
2022-12-20 13:08:39 INFO  HomePage :96 - click on currency[[ChromeDriver: chrome on WINDOWS (c829f88bcb68c2f68eda60bac733cc7a)] -> xpath: //span[contains(text(),'Currency')]]
2022-12-20 13:08:40 INFO  HomePage :103 - Select currency pound [[ChromeDriver: chrome on WINDOWS (c829f88bcb68c2f68eda60bac733cc7a)] -> xpath: //button[contains(text(),'£ Pound Sterling')]]
2022-12-20 13:08:42 INFO  LaptopAndNoteBookPage :41 - sort product high to low - Price (High > Low)[[ChromeDriver: chrome on WINDOWS (c829f88bcb68c2f68eda60bac733cc7a)] -> xpath: //select[@id='input-sort']]
2022-12-20 13:08:43 INFO  LaptopAndNoteBookPage :80 - click on macbook[[ChromeDriver: chrome on WINDOWS (c829f88bcb68c2f68eda60bac733cc7a)] -> link text: MacBook]
2022-12-20 13:08:43 INFO  ProductMacBookPage :21 - verify MacBook text[[ChromeDriver: chrome on WINDOWS (c829f88bcb68c2f68eda60bac733cc7a)] -> xpath: //h1[contains(text(),'MacBook')]]
2022-12-20 13:08:44 INFO  ProductMacBookPage :35 - click on Add to cart[[ChromeDriver: chrome on WINDOWS (c829f88bcb68c2f68eda60bac733cc7a)] -> xpath: //button[@id='button-cart']]
2022-12-20 13:08:45 INFO  ProductMacBookPage :44 - Success: You have added MacBook to your shopping cart![[ChromeDriver: chrome on WINDOWS (c829f88bcb68c2f68eda60bac733cc7a)] -> xpath: //div[@class='alert alert-success alert-dismissible']]
2022-12-20 13:08:46 INFO  ProductMacBookPage :56 - click on Shopping cart[[ChromeDriver: chrome on WINDOWS (c829f88bcb68c2f68eda60bac733cc7a)] -> xpath: //a[contains(text(),'shopping cart')]]
2022-12-20 13:08:46 INFO  ShoppingCartPage :121 - The Product name :MacBook[[ChromeDriver: chrome on WINDOWS (c829f88bcb68c2f68eda60bac733cc7a)] -> xpath: //div[@class = 'table-responsive']/table/tbody/tr/td[2]/a]
2022-12-20 13:08:47 INFO  ShoppingCartPage :136 - clear Quantity and change to 2[[ChromeDriver: chrome on WINDOWS (c829f88bcb68c2f68eda60bac733cc7a)] -> xpath: //div[@class='input-group btn-block']/input]
2022-12-20 13:08:47 INFO  ShoppingCartPage :148 - click on Update button[[ChromeDriver: chrome on WINDOWS (c829f88bcb68c2f68eda60bac733cc7a)] -> xpath: //tbody/tr[1]/td[4]/div[1]/span[1]/button[1]/i[1]]
2022-12-20 13:08:48 INFO  ShoppingCartPage :157 - Success: You have modified your shopping cart![[ChromeDriver: chrome on WINDOWS (c829f88bcb68c2f68eda60bac733cc7a)] -> xpath: //div[@class='alert alert-success alert-dismissible']]
2022-12-20 13:08:49 INFO  ShoppingCartPage :168 -  The Total  £737.45[[ChromeDriver: chrome on WINDOWS (c829f88bcb68c2f68eda60bac733cc7a)] -> xpath: //div[@class = 'table-responsive']/table/tbody/tr/td[6]]
2022-12-20 13:08:51 INFO  ShoppingCartPage :181 - click on checkout [[ChromeDriver: chrome on WINDOWS (c829f88bcb68c2f68eda60bac733cc7a)] -> link text: Checkout]
2022-12-20 13:08:52 INFO  CheckoutPage :21 - verify checkout text on page[[ChromeDriver: chrome on WINDOWS (c829f88bcb68c2f68eda60bac733cc7a)] -> xpath: //h1[contains(text(),'Checkout')]]
2022-12-20 13:08:53 INFO  CheckoutPage :33 - verify New customer text[[ChromeDriver: chrome on WINDOWS (c829f88bcb68c2f68eda60bac733cc7a)] -> xpath: //h2[contains(text(),'New Customer')]]
2022-12-20 13:08:54 INFO  CheckoutPage :46 - click on guest checkout[[ChromeDriver: chrome on WINDOWS (c829f88bcb68c2f68eda60bac733cc7a)] -> xpath: //input[@value='guest']]
2022-12-20 13:08:55 INFO  CheckoutPage :58 - click on continue[[ChromeDriver: chrome on WINDOWS (c829f88bcb68c2f68eda60bac733cc7a)] -> id: button-account]
2022-12-20 13:08:56 INFO  CheckoutPage :67 - First name Jenna[[ChromeDriver: chrome on WINDOWS (c829f88bcb68c2f68eda60bac733cc7a)] -> id: input-payment-firstname]
2022-12-20 13:08:56 INFO  CheckoutPage :77 - Last name Munim[[ChromeDriver: chrome on WINDOWS (c829f88bcb68c2f68eda60bac733cc7a)] -> id: input-payment-lastname]
2022-12-20 13:08:56 INFO  CheckoutPage :87 - Email Jennamun@gmail.com[[ChromeDriver: chrome on WINDOWS (c829f88bcb68c2f68eda60bac733cc7a)] -> id: input-payment-email]
2022-12-20 13:08:56 INFO  CheckoutPage :96 - Telephone no is 0208564585[[ChromeDriver: chrome on WINDOWS (c829f88bcb68c2f68eda60bac733cc7a)] -> id: input-payment-telephone]
2022-12-20 13:08:56 INFO  CheckoutPage :105 - Address is 20.hanver lane[[ChromeDriver: chrome on WINDOWS (c829f88bcb68c2f68eda60bac733cc7a)] -> id: input-payment-address-1]
2022-12-20 13:08:56 INFO  CheckoutPage :114 - City name is London[[ChromeDriver: chrome on WINDOWS (c829f88bcb68c2f68eda60bac733cc7a)] -> id: input-payment-city]
2022-12-20 13:08:57 INFO  CheckoutPage :124 - Postcode is  LS2 4ZX[[ChromeDriver: chrome on WINDOWS (c829f88bcb68c2f68eda60bac733cc7a)] -> id: input-payment-postcode]
2022-12-20 13:08:57 INFO  CheckoutPage :135 - Country name Switzerland[[ChromeDriver: chrome on WINDOWS (c829f88bcb68c2f68eda60bac733cc7a)] -> xpath: //select[@id='input-payment-country']]
2022-12-20 13:08:57 INFO  CheckoutPage :145 - Region is Bern[[ChromeDriver: chrome on WINDOWS (c829f88bcb68c2f68eda60bac733cc7a)] -> xpath: //select[@id='input-payment-zone']]
2022-12-20 13:08:57 INFO  CheckoutPage :155 - click on continue[[ChromeDriver: chrome on WINDOWS (c829f88bcb68c2f68eda60bac733cc7a)] -> id: button-guest]
2022-12-20 13:08:58 INFO  CheckoutPage :167 - Please delivary onTime[[ChromeDriver: chrome on WINDOWS (c829f88bcb68c2f68eda60bac733cc7a)] -> xpath: //body/div[@id='checkout-checkout']/div[1]/div[1]/div[1]/div[3]/div[2]/div[1]/p[2]/textarea[1]]
2022-12-20 13:08:59 INFO  CheckoutPage :179 - clickOnTermsAndCondition[[ChromeDriver: chrome on WINDOWS (c829f88bcb68c2f68eda60bac733cc7a)] -> xpath: //input[@type='checkbox']]
2022-12-20 13:09:00 INFO  CheckoutPage :190 - click on continue[[ChromeDriver: chrome on WINDOWS (c829f88bcb68c2f68eda60bac733cc7a)] -> id: button-payment-method]
2022-12-20 13:09:01 INFO  CheckoutPage :202 - “Warning: Payment method required [[ChromeDriver: chrome on WINDOWS (c829f88bcb68c2f68eda60bac733cc7a)] -> xpath: //body/div[@id='checkout-checkout']/div[1]/div[1]/div[1]/div[3]/div[2]/div[1]/div[1]]
2022-12-20 13:09:06 INFO  LoginPage :22 - verifying text Returning customer[[ChromeDriver: chrome on WINDOWS (53a3b71bda6ff8db7e59a88b54d80c2e)] -> xpath: //h2[contains(text(),'Returning Customer')]]
2022-12-20 13:09:11 INFO  HomePage :61 - click on laptop and notebook[[ChromeDriver: chrome on WINDOWS (0203487f155fa57a7334ec88daf94aa8)] -> link text: Laptops & Notebooks]
2022-12-20 13:09:12 INFO  LaptopAndNoteBookPage :32 - verify text Laptop[[ChromeDriver: chrome on WINDOWS (0203487f155fa57a7334ec88daf94aa8)] -> xpath: //h2[contains(text(),'Laptops & Notebooks')]]
2022-12-20 13:18:15 INFO  RegisterAccountPage :119 - Enter Email jenuthakerkate@gmail.com[[ChromeDriver: chrome on WINDOWS (ec274d5e0e900a6b5fedff7dc178d0a3)] -> id: input-email]
2022-12-20 13:18:15 INFO  RegisterAccountPage :71 - Enter password : jenkate12[[ChromeDriver: chrome on WINDOWS (ec274d5e0e900a6b5fedff7dc178d0a3)] -> id: input-password]
2022-12-20 13:18:25 INFO  LogOutAccountPage :21 - verifying account logout textProxy element for: DefaultElementLocator 'By.xpath: //h1[contains(text(),'Account Logout')]'
2022-12-20 13:19:38 INFO  RegisterAccountPage :119 - Enter Email jenuthakerkate@gmail.com[[ChromeDriver: chrome on WINDOWS (0993e2803be5f2ba6ccfc62cabb435af)] -> id: input-email]
2022-12-20 13:19:38 INFO  RegisterAccountPage :71 - Enter password : jenkate12[[ChromeDriver: chrome on WINDOWS (0993e2803be5f2ba6ccfc62cabb435af)] -> id: input-password]
2022-12-20 13:21:54 INFO  RegisterAccountPage :119 - Enter Email jenuthakerkate@gmail.com[[ChromeDriver: chrome on WINDOWS (19044f85ce82c3dbfee06b9426cf0b01)] -> id: input-email]
2022-12-20 13:21:54 INFO  RegisterAccountPage :71 - Enter password : jenkate12[[ChromeDriver: chrome on WINDOWS (19044f85ce82c3dbfee06b9426cf0b01)] -> id: input-password]
2022-12-20 13:21:55 INFO  LoginPage :60 - click on login [[ChromeDriver: chrome on WINDOWS (19044f85ce82c3dbfee06b9426cf0b01)] -> xpath: //body/div[@id='account-login']/div[1]/div[1]/div[1]/div[2]/div[1]/form[1]/input[1]]
2022-12-20 13:21:55 INFO  LogOutAccountPage :21 - verifying account logout text[[ChromeDriver: chrome on WINDOWS (19044f85ce82c3dbfee06b9426cf0b01)] -> xpath: //h1[contains(text(),'Account Logout')]]
2022-12-20 13:23:33 INFO  HomePage :68 - click on desktop tab[[ChromeDriver: chrome on WINDOWS (bf88b8825366c4455ed937b6af599b7e)] -> link text: Desktops]
2022-12-20 13:23:33 INFO  HomePage :79 - click on All desktop tab[[ChromeDriver: chrome on WINDOWS (bf88b8825366c4455ed937b6af599b7e)] -> link text: Show All Desktops]
2022-12-20 13:23:34 INFO  DesktopsPage :59 - click on Z to A[[ChromeDriver: chrome on WINDOWS (bf88b8825366c4455ed937b6af599b7e)] -> xpath: //select[@id='input-sort']]
2022-12-20 13:23:38 INFO  HomePage :68 - click on desktop tab[[ChromeDriver: chrome on WINDOWS (4ba642ffd4f2bb8852e1e12aed646522)] -> link text: Desktops]
2022-12-20 13:23:38 INFO  HomePage :79 - click on All desktop tab[[ChromeDriver: chrome on WINDOWS (4ba642ffd4f2bb8852e1e12aed646522)] -> link text: Show All Desktops]
2022-12-20 13:23:39 INFO  HomePage :96 - click on currency[[ChromeDriver: chrome on WINDOWS (4ba642ffd4f2bb8852e1e12aed646522)] -> xpath: //span[contains(text(),'Currency')]]
2022-12-20 13:23:40 INFO  HomePage :103 - Select currency pound [[ChromeDriver: chrome on WINDOWS (4ba642ffd4f2bb8852e1e12aed646522)] -> xpath: //button[contains(text(),'£ Pound Sterling')]]
2022-12-20 13:23:40 INFO  DesktopsPage :51 - click on A toZ [[ChromeDriver: chrome on WINDOWS (4ba642ffd4f2bb8852e1e12aed646522)] -> xpath: //select[@id='input-sort']]
2022-12-20 13:23:41 INFO  DesktopsPage :37 - click on HP Laptop[[ChromeDriver: chrome on WINDOWS (4ba642ffd4f2bb8852e1e12aed646522)] -> xpath: //a[contains(text(),'HP LP3065')]]
2022-12-20 13:23:41 INFO  ProductLP3065Page :23 - Verify Laptop text[[ChromeDriver: chrome on WINDOWS (4ba642ffd4f2bb8852e1e12aed646522)] -> xpath: //h1[contains(text(),'HP LP3065')]]
2022-12-20 13:23:46 INFO  ProductLP3065Page :88 - Quantity enter : [[ChromeDriver: chrome on WINDOWS (4ba642ffd4f2bb8852e1e12aed646522)] -> name: quantity]
2022-12-20 13:23:46 INFO  ProductLP3065Page :74 - click on Add to cart[[ChromeDriver: chrome on WINDOWS (4ba642ffd4f2bb8852e1e12aed646522)] -> xpath: //button[@id='button-cart']]
2022-12-20 13:24:10 INFO  HomePage :61 - click on laptop and notebook[[ChromeDriver: chrome on WINDOWS (b506d056dbaaffe8f4afaa62a691f672)] -> link text: Laptops & Notebooks]
2022-12-20 13:24:13 INFO  LaptopAndNoteBookPage :41 - sort product high to low - Price (High > Low)[[ChromeDriver: chrome on WINDOWS (b506d056dbaaffe8f4afaa62a691f672)] -> xpath: //select[@id='input-sort']]
2022-12-20 13:24:17 INFO  HomePage :61 - click on laptop and notebook[[ChromeDriver: chrome on WINDOWS (069a5fb0c26f8781d36646c8ba733084)] -> link text: Laptops & Notebooks]
2022-12-20 13:24:19 INFO  HomePage :96 - click on currency[[ChromeDriver: chrome on WINDOWS (069a5fb0c26f8781d36646c8ba733084)] -> xpath: //span[contains(text(),'Currency')]]
2022-12-20 13:24:19 INFO  HomePage :103 - Select currency pound [[ChromeDriver: chrome on WINDOWS (069a5fb0c26f8781d36646c8ba733084)] -> xpath: //button[contains(text(),'£ Pound Sterling')]]
2022-12-20 13:24:21 INFO  LaptopAndNoteBookPage :41 - sort product high to low - Price (High > Low)[[ChromeDriver: chrome on WINDOWS (069a5fb0c26f8781d36646c8ba733084)] -> xpath: //select[@id='input-sort']]
2022-12-20 13:24:22 INFO  LaptopAndNoteBookPage :80 - click on macbook[[ChromeDriver: chrome on WINDOWS (069a5fb0c26f8781d36646c8ba733084)] -> link text: MacBook]
2022-12-20 13:24:22 INFO  ProductMacBookPage :21 - verify MacBook text[[ChromeDriver: chrome on WINDOWS (069a5fb0c26f8781d36646c8ba733084)] -> xpath: //h1[contains(text(),'MacBook')]]
2022-12-20 13:24:23 INFO  ProductMacBookPage :35 - click on Add to cart[[ChromeDriver: chrome on WINDOWS (069a5fb0c26f8781d36646c8ba733084)] -> xpath: //button[@id='button-cart']]
2022-12-20 13:24:24 INFO  ProductMacBookPage :44 - Success: You have added MacBook to your shopping cart![[ChromeDriver: chrome on WINDOWS (069a5fb0c26f8781d36646c8ba733084)] -> xpath: //div[@class='alert alert-success alert-dismissible']]
2022-12-20 13:24:25 INFO  ProductMacBookPage :56 - click on Shopping cart[[ChromeDriver: chrome on WINDOWS (069a5fb0c26f8781d36646c8ba733084)] -> xpath: //a[contains(text(),'shopping cart')]]
2022-12-20 13:24:25 INFO  ShoppingCartPage :121 - The Product name :MacBook[[ChromeDriver: chrome on WINDOWS (069a5fb0c26f8781d36646c8ba733084)] -> xpath: //div[@class = 'table-responsive']/table/tbody/tr/td[2]/a]
2022-12-20 13:24:26 INFO  ShoppingCartPage :136 - clear Quantity and change to 2[[ChromeDriver: chrome on WINDOWS (069a5fb0c26f8781d36646c8ba733084)] -> xpath: //div[@class='input-group btn-block']/input]
2022-12-20 13:24:26 INFO  ShoppingCartPage :148 - click on Update button[[ChromeDriver: chrome on WINDOWS (069a5fb0c26f8781d36646c8ba733084)] -> xpath: //tbody/tr[1]/td[4]/div[1]/span[1]/button[1]/i[1]]
2022-12-20 13:24:27 INFO  ShoppingCartPage :157 - Success: You have modified your shopping cart![[ChromeDriver: chrome on WINDOWS (069a5fb0c26f8781d36646c8ba733084)] -> xpath: //div[@class='alert alert-success alert-dismissible']]
2022-12-20 13:24:28 INFO  ShoppingCartPage :168 -  The Total  £737.45[[ChromeDriver: chrome on WINDOWS (069a5fb0c26f8781d36646c8ba733084)] -> xpath: //div[@class = 'table-responsive']/table/tbody/tr/td[6]]
2022-12-20 13:24:30 INFO  ShoppingCartPage :181 - click on checkout [[ChromeDriver: chrome on WINDOWS (069a5fb0c26f8781d36646c8ba733084)] -> link text: Checkout]
2022-12-20 13:24:31 INFO  CheckoutPage :21 - verify checkout text on page[[ChromeDriver: chrome on WINDOWS (069a5fb0c26f8781d36646c8ba733084)] -> xpath: //h1[contains(text(),'Checkout')]]
2022-12-20 13:24:32 INFO  CheckoutPage :33 - verify New customer text[[ChromeDriver: chrome on WINDOWS (069a5fb0c26f8781d36646c8ba733084)] -> xpath: //h2[contains(text(),'New Customer')]]
2022-12-20 13:24:33 INFO  CheckoutPage :46 - click on guest checkout[[ChromeDriver: chrome on WINDOWS (069a5fb0c26f8781d36646c8ba733084)] -> xpath: //input[@value='guest']]
2022-12-20 13:24:34 INFO  CheckoutPage :58 - click on continue[[ChromeDriver: chrome on WINDOWS (069a5fb0c26f8781d36646c8ba733084)] -> id: button-account]
2022-12-20 13:24:35 INFO  CheckoutPage :67 - First name Jenna[[ChromeDriver: chrome on WINDOWS (069a5fb0c26f8781d36646c8ba733084)] -> id: input-payment-firstname]
2022-12-20 13:24:35 INFO  CheckoutPage :77 - Last name Munim[[ChromeDriver: chrome on WINDOWS (069a5fb0c26f8781d36646c8ba733084)] -> id: input-payment-lastname]
2022-12-20 13:24:35 INFO  CheckoutPage :87 - Email Jennamun@gmail.com[[ChromeDriver: chrome on WINDOWS (069a5fb0c26f8781d36646c8ba733084)] -> id: input-payment-email]
2022-12-20 13:24:35 INFO  CheckoutPage :96 - Telephone no is 0208564585[[ChromeDriver: chrome on WINDOWS (069a5fb0c26f8781d36646c8ba733084)] -> id: input-payment-telephone]
2022-12-20 13:24:35 INFO  CheckoutPage :105 - Address is 20.hanver lane[[ChromeDriver: chrome on WINDOWS (069a5fb0c26f8781d36646c8ba733084)] -> id: input-payment-address-1]
2022-12-20 13:24:35 INFO  CheckoutPage :114 - City name is London[[ChromeDriver: chrome on WINDOWS (069a5fb0c26f8781d36646c8ba733084)] -> id: input-payment-city]
2022-12-20 13:24:35 INFO  CheckoutPage :124 - Postcode is  LS2 4ZX[[ChromeDriver: chrome on WINDOWS (069a5fb0c26f8781d36646c8ba733084)] -> id: input-payment-postcode]
2022-12-20 13:24:35 INFO  CheckoutPage :135 - Country name Switzerland[[ChromeDriver: chrome on WINDOWS (069a5fb0c26f8781d36646c8ba733084)] -> xpath: //select[@id='input-payment-country']]
2022-12-20 13:24:35 INFO  CheckoutPage :145 - Region is Bern[[ChromeDriver: chrome on WINDOWS (069a5fb0c26f8781d36646c8ba733084)] -> xpath: //select[@id='input-payment-zone']]
2022-12-20 13:24:35 INFO  CheckoutPage :155 - click on continue[[ChromeDriver: chrome on WINDOWS (069a5fb0c26f8781d36646c8ba733084)] -> id: button-guest]
2022-12-20 13:24:36 INFO  CheckoutPage :167 - Please delivary onTime[[ChromeDriver: chrome on WINDOWS (069a5fb0c26f8781d36646c8ba733084)] -> xpath: //body/div[@id='checkout-checkout']/div[1]/div[1]/div[1]/div[3]/div[2]/div[1]/p[2]/textarea[1]]
2022-12-20 13:24:37 INFO  CheckoutPage :179 - clickOnTermsAndCondition[[ChromeDriver: chrome on WINDOWS (069a5fb0c26f8781d36646c8ba733084)] -> xpath: //input[@type='checkbox']]
2022-12-20 13:24:38 INFO  CheckoutPage :190 - click on continue[[ChromeDriver: chrome on WINDOWS (069a5fb0c26f8781d36646c8ba733084)] -> id: button-payment-method]
2022-12-20 13:24:39 INFO  CheckoutPage :202 - “Warning: Payment method required [[ChromeDriver: chrome on WINDOWS (069a5fb0c26f8781d36646c8ba733084)] -> xpath: //body/div[@id='checkout-checkout']/div[1]/div[1]/div[1]/div[3]/div[2]/div[1]/div[1]]
2022-12-20 13:24:43 INFO  RegisterAccountPage :22 - Verify Register account text[[ChromeDriver: chrome on WINDOWS (7355a70fe5d4ca41590c5a9933d43b4f)] -> xpath: //h1[contains(text(),'Register Account')]]
2022-12-20 13:24:47 INFO  LoginPage :22 - verifying text Returning customer[[ChromeDriver: chrome on WINDOWS (655fe541cc1b9b0e33922b697240842c)] -> xpath: //h2[contains(text(),'Returning Customer')]]
2022-12-20 13:24:51 INFO  RegisterAccountPage :35 - enter first name Jenu[[ChromeDriver: chrome on WINDOWS (cb4154f879f940aa366189ea65d56a09)] -> id: input-firstname]
2022-12-20 13:24:51 INFO  RegisterAccountPage :44 - enter last  name Thak[[ChromeDriver: chrome on WINDOWS (cb4154f879f940aa366189ea65d56a09)] -> id: input-lastname]
2022-12-20 13:24:51 INFO  RegisterAccountPage :53 - Enter Email jenuthak[[ChromeDriver: chrome on WINDOWS (cb4154f879f940aa366189ea65d56a09)] -> id: input-email]
2022-12-20 13:24:51 INFO  RegisterAccountPage :62 - enter Telephone :  02035895647[[ChromeDriver: chrome on WINDOWS (cb4154f879f940aa366189ea65d56a09)] -> id: input-telephone]
2022-12-20 13:24:51 INFO  RegisterAccountPage :71 - Enter password : jenkate123[[ChromeDriver: chrome on WINDOWS (cb4154f879f940aa366189ea65d56a09)] -> id: input-password]
2022-12-20 13:24:52 INFO  RegisterAccountPage :79 - Enter Confirm Password : jenkate123[[ChromeDriver: chrome on WINDOWS (cb4154f879f940aa366189ea65d56a09)] -> id: input-confirm]
2022-12-20 13:24:52 INFO  RegisterAccountPage :89 - Click on Subscribe[[ChromeDriver: chrome on WINDOWS (cb4154f879f940aa366189ea65d56a09)] -> name: newsletter]
2022-12-20 13:24:52 INFO  RegisterAccountPage :99 - click on checkbox  [[ChromeDriver: chrome on WINDOWS (cb4154f879f940aa366189ea65d56a09)] -> name: agree]
2022-12-20 13:24:52 INFO  RegisterAccountPage :109 - click on continue[[ChromeDriver: chrome on WINDOWS (cb4154f879f940aa366189ea65d56a09)] -> xpath: //body/div[@id='account-register']/div[1]/div[1]/form[1]/div[1]/div[1]/input[2]]
2022-12-20 13:24:52 INFO  HomePage :22 - Your Account Has Been Created![[ChromeDriver: chrome on WINDOWS (cb4154f879f940aa366189ea65d56a09)] -> xpath: //h1[contains(text(),'Your Account Has Been Created!')]]
2022-12-20 13:24:52 INFO  HomePage :35 - click on countinue tab[[ChromeDriver: chrome on WINDOWS (cb4154f879f940aa366189ea65d56a09)] -> link text: Continue]
2022-12-20 13:24:53 INFO  MyAccountPage :24 - click on My account[[ChromeDriver: chrome on WINDOWS (cb4154f879f940aa366189ea65d56a09)] -> xpath: //span[contains(text(),'My Account')]]
2022-12-20 13:24:53 INFO  LogOutAccountPage :21 - verifying account logout text[[ChromeDriver: chrome on WINDOWS (cb4154f879f940aa366189ea65d56a09)] -> xpath: //h1[contains(text(),'Account Logout')]]
2022-12-20 13:24:53 INFO  LogOutAccountPage :35 - click on continue[[ChromeDriver: chrome on WINDOWS (cb4154f879f940aa366189ea65d56a09)] -> xpath: //a[contains(text(),'Continue')]]
2022-12-20 13:24:57 INFO  RegisterAccountPage :119 - Enter Email jenuthakerkate@gmail.com[[ChromeDriver: chrome on WINDOWS (ac207fcc14caf888db2f1440fa9ade69)] -> id: input-email]
2022-12-20 13:24:57 INFO  RegisterAccountPage :71 - Enter password : jenkate12[[ChromeDriver: chrome on WINDOWS (ac207fcc14caf888db2f1440fa9ade69)] -> id: input-password]
2022-12-20 13:24:58 INFO  LoginPage :60 - click on login [[ChromeDriver: chrome on WINDOWS (ac207fcc14caf888db2f1440fa9ade69)] -> xpath: //body/div[@id='account-login']/div[1]/div[1]/div[1]/div[2]/div[1]/form[1]/input[1]]
2022-12-20 13:24:59 INFO  LogOutAccountPage :21 - verifying account logout text[[ChromeDriver: chrome on WINDOWS (ac207fcc14caf888db2f1440fa9ade69)] -> xpath: //h1[contains(text(),'Account Logout')]]
2022-12-20 13:25:03 INFO  HomePage :68 - click on desktop tab[[ChromeDriver: chrome on WINDOWS (05455f658ba941875779a9442984f053)] -> link text: Desktops]
2022-12-20 13:25:03 INFO  HomePage :79 - click on All desktop tab[[ChromeDriver: chrome on WINDOWS (05455f658ba941875779a9442984f053)] -> link text: Show All Desktops]
2022-12-20 13:25:04 INFO  DesktopsPage :43 - verify desktop text[[ChromeDriver: chrome on WINDOWS (05455f658ba941875779a9442984f053)] -> xpath: //h2[contains(text(),'Desktops')]]
2022-12-20 13:25:08 INFO  HomePage :61 - click on laptop and notebook[[ChromeDriver: chrome on WINDOWS (e4c76258622ccce547f823dc9e7951a6)] -> link text: Laptops & Notebooks]
2022-12-20 13:25:09 INFO  LaptopAndNoteBookPage :32 - verify text Laptop[[ChromeDriver: chrome on WINDOWS (e4c76258622ccce547f823dc9e7951a6)] -> xpath: //h2[contains(text(),'Laptops & Notebooks')]]
2022-12-20 13:25:12 INFO  HomePage :75 - click on Components[[ChromeDriver: chrome on WINDOWS (f12f50c1b49330292fe55e051cebda21)] -> link text: Components]
2022-12-20 13:25:32 INFO  HomePage :79 - click on All desktop tabProxy element for: DefaultElementLocator 'By.linkText: Show All Desktops'
2022-12-20 13:25:33 INFO  ComponentsPage :21 - verify text components[[ChromeDriver: chrome on WINDOWS (f12f50c1b49330292fe55e051cebda21)] -> xpath: //h2[contains(text(),'Components')]]
2022-12-20 13:30:32 INFO  HomePage :68 - click on desktop tab[[ChromeDriver: chrome on WINDOWS (86f6920e6c5026fccca4fed268be737b)] -> link text: Desktops]
2022-12-20 13:30:32 INFO  HomePage :79 - click on All desktop tab[[ChromeDriver: chrome on WINDOWS (86f6920e6c5026fccca4fed268be737b)] -> link text: Show All Desktops]
2022-12-20 13:30:33 INFO  HomePage :96 - click on currency[[ChromeDriver: chrome on WINDOWS (86f6920e6c5026fccca4fed268be737b)] -> xpath: //span[contains(text(),'Currency')]]
2022-12-20 13:30:34 INFO  HomePage :103 - Select currency pound [[ChromeDriver: chrome on WINDOWS (86f6920e6c5026fccca4fed268be737b)] -> xpath: //button[contains(text(),'£ Pound Sterling')]]
2022-12-20 13:30:34 INFO  DesktopsPage :51 - click on A toZ [[ChromeDriver: chrome on WINDOWS (86f6920e6c5026fccca4fed268be737b)] -> xpath: //select[@id='input-sort']]
2022-12-20 13:30:35 INFO  DesktopsPage :37 - click on HP Laptop[[ChromeDriver: chrome on WINDOWS (86f6920e6c5026fccca4fed268be737b)] -> xpath: //a[contains(text(),'HP LP3065')]]
2022-12-20 13:30:35 INFO  ProductLP3065Page :23 - Verify Laptop text[[ChromeDriver: chrome on WINDOWS (86f6920e6c5026fccca4fed268be737b)] -> xpath: //h1[contains(text(),'HP LP3065')]]
2022-12-20 13:30:42 INFO  ProductLP3065Page :88 - Quantity enter : [[ChromeDriver: chrome on WINDOWS (86f6920e6c5026fccca4fed268be737b)] -> name: quantity]
2022-12-20 13:30:42 INFO  ProductLP3065Page :74 - click on Add to cart[[ChromeDriver: chrome on WINDOWS (86f6920e6c5026fccca4fed268be737b)] -> xpath: //button[@id='button-cart']]
2022-12-20 13:30:42 INFO  ShoppingCartPage :58 - click on shopping  cart[[ChromeDriver: chrome on WINDOWS (86f6920e6c5026fccca4fed268be737b)] -> xpath: //div[@class='alert alert-success alert-dismissible']/a[2]]
2022-12-20 13:30:43 INFO  ShoppingCartPage :86 - Verify ShoppingCart text[[ChromeDriver: chrome on WINDOWS (86f6920e6c5026fccca4fed268be737b)] -> xpath: //div[@id='content']//h1]
2022-12-20 13:30:44 INFO  ShoppingCartPage :62 - Verify product name is : HP LP3065[[ChromeDriver: chrome on WINDOWS (86f6920e6c5026fccca4fed268be737b)] -> xpath: //div[@class = 'table-responsive']/table/tbody/tr/td[2]/a]
2022-12-20 13:30:45 INFO  ShoppingCartPage :70 -  Delivery Date  : 2022-11-30[[ChromeDriver: chrome on WINDOWS (86f6920e6c5026fccca4fed268be737b)] -> xpath: //div[@class = 'table-responsive']/table/tbody/tr/td[2]/small[1]]
2022-12-20 13:30:47 INFO  ShoppingCartPage :78 - the Model : Product21[[ChromeDriver: chrome on WINDOWS (86f6920e6c5026fccca4fed268be737b)] -> xpath: //div[@class = 'table-responsive']/table/tbody/tr/td[3]]
2022-12-20 13:30:47 INFO  ShoppingCartPage :94 -  the Todat  £74.73[[ChromeDriver: chrome on WINDOWS (86f6920e6c5026fccca4fed268be737b)] -> xpath: //div[@class = 'table-responsive']/table/tbody/tr/td[6]]
2022-12-20 13:31:30 INFO  HomePage :68 - click on desktop tab[[ChromeDriver: chrome on WINDOWS (43610d3e971cd498149453535cdf2022)] -> link text: Desktops]
2022-12-20 13:31:30 INFO  HomePage :79 - click on All desktop tab[[ChromeDriver: chrome on WINDOWS (43610d3e971cd498149453535cdf2022)] -> link text: Show All Desktops]
2022-12-20 13:31:31 INFO  DesktopsPage :59 - click on Z to A[[ChromeDriver: chrome on WINDOWS (43610d3e971cd498149453535cdf2022)] -> xpath: //select[@id='input-sort']]
2022-12-20 13:31:35 INFO  HomePage :61 - click on laptop and notebook[[ChromeDriver: chrome on WINDOWS (ad52e727a6cbc5c89947be34e620c563)] -> link text: Laptops & Notebooks]
2022-12-20 13:31:38 INFO  LaptopAndNoteBookPage :41 - sort product high to low - Price (High > Low)[[ChromeDriver: chrome on WINDOWS (ad52e727a6cbc5c89947be34e620c563)] -> xpath: //select[@id='input-sort']]
2022-12-20 13:31:44 INFO  RegisterAccountPage :22 - Verify Register account text[[ChromeDriver: chrome on WINDOWS (ff82c6a1af968b5892828f8cc9ac2b07)] -> xpath: //h1[contains(text(),'Register Account')]]
2022-12-20 13:31:47 INFO  HomePage :68 - click on desktop tab[[ChromeDriver: chrome on WINDOWS (bda1dea2b8c0615871a15350be7cd472)] -> link text: Desktops]
2022-12-20 13:31:47 INFO  HomePage :79 - click on All desktop tab[[ChromeDriver: chrome on WINDOWS (bda1dea2b8c0615871a15350be7cd472)] -> link text: Show All Desktops]
2022-12-20 13:31:48 INFO  DesktopsPage :43 - verify desktop text[[ChromeDriver: chrome on WINDOWS (bda1dea2b8c0615871a15350be7cd472)] -> xpath: //h2[contains(text(),'Desktops')]]
2022-12-20 13:32:05 INFO  HomePage :68 - click on desktop tab[[ChromeDriver: chrome on WINDOWS (8b12b7ba3b1aad71f5567387b93e3e42)] -> link text: Desktops]
2022-12-20 13:32:05 INFO  HomePage :79 - click on All desktop tab[[ChromeDriver: chrome on WINDOWS (8b12b7ba3b1aad71f5567387b93e3e42)] -> link text: Show All Desktops]
2022-12-20 13:32:06 INFO  HomePage :96 - click on currency[[ChromeDriver: chrome on WINDOWS (8b12b7ba3b1aad71f5567387b93e3e42)] -> xpath: //span[contains(text(),'Currency')]]
2022-12-20 13:32:07 INFO  HomePage :103 - Select currency pound [[ChromeDriver: chrome on WINDOWS (8b12b7ba3b1aad71f5567387b93e3e42)] -> xpath: //button[contains(text(),'£ Pound Sterling')]]
2022-12-20 13:32:07 INFO  DesktopsPage :51 - click on A toZ [[ChromeDriver: chrome on WINDOWS (8b12b7ba3b1aad71f5567387b93e3e42)] -> xpath: //select[@id='input-sort']]
2022-12-20 13:32:08 INFO  DesktopsPage :37 - click on HP Laptop[[ChromeDriver: chrome on WINDOWS (8b12b7ba3b1aad71f5567387b93e3e42)] -> xpath: //a[contains(text(),'HP LP3065')]]
2022-12-20 13:32:08 INFO  ProductLP3065Page :23 - Verify Laptop text[[ChromeDriver: chrome on WINDOWS (8b12b7ba3b1aad71f5567387b93e3e42)] -> xpath: //h1[contains(text(),'HP LP3065')]]
2022-12-20 13:32:15 INFO  ProductLP3065Page :88 - Quantity enter : [[ChromeDriver: chrome on WINDOWS (8b12b7ba3b1aad71f5567387b93e3e42)] -> name: quantity]
2022-12-20 13:32:15 INFO  ProductLP3065Page :74 - click on Add to cart[[ChromeDriver: chrome on WINDOWS (8b12b7ba3b1aad71f5567387b93e3e42)] -> xpath: //button[@id='button-cart']]
2022-12-20 13:32:38 INFO  HomePage :61 - click on laptop and notebook[[ChromeDriver: chrome on WINDOWS (c572bc260f876043da9daf21c8cb6215)] -> link text: Laptops & Notebooks]
2022-12-20 13:32:40 INFO  HomePage :96 - click on currency[[ChromeDriver: chrome on WINDOWS (c572bc260f876043da9daf21c8cb6215)] -> xpath: //span[contains(text(),'Currency')]]
2022-12-20 13:32:40 INFO  HomePage :103 - Select currency pound [[ChromeDriver: chrome on WINDOWS (c572bc260f876043da9daf21c8cb6215)] -> xpath: //button[contains(text(),'£ Pound Sterling')]]
2022-12-20 13:32:42 INFO  LaptopAndNoteBookPage :41 - sort product high to low - Price (High > Low)[[ChromeDriver: chrome on WINDOWS (c572bc260f876043da9daf21c8cb6215)] -> xpath: //select[@id='input-sort']]
2022-12-20 13:32:43 INFO  LaptopAndNoteBookPage :80 - click on macbook[[ChromeDriver: chrome on WINDOWS (c572bc260f876043da9daf21c8cb6215)] -> link text: MacBook]
2022-12-20 13:32:43 INFO  ProductMacBookPage :21 - verify MacBook text[[ChromeDriver: chrome on WINDOWS (c572bc260f876043da9daf21c8cb6215)] -> xpath: //h1[contains(text(),'MacBook')]]
2022-12-20 13:32:44 INFO  ProductMacBookPage :35 - click on Add to cart[[ChromeDriver: chrome on WINDOWS (c572bc260f876043da9daf21c8cb6215)] -> xpath: //button[@id='button-cart']]
2022-12-20 13:32:45 INFO  ProductMacBookPage :44 - Success: You have added MacBook to your shopping cart![[ChromeDriver: chrome on WINDOWS (c572bc260f876043da9daf21c8cb6215)] -> xpath: //div[@class='alert alert-success alert-dismissible']]
2022-12-20 13:32:46 INFO  ProductMacBookPage :56 - click on Shopping cart[[ChromeDriver: chrome on WINDOWS (c572bc260f876043da9daf21c8cb6215)] -> xpath: //a[contains(text(),'shopping cart')]]
2022-12-20 13:32:46 INFO  ShoppingCartPage :121 - The Product name :MacBook[[ChromeDriver: chrome on WINDOWS (c572bc260f876043da9daf21c8cb6215)] -> xpath: //div[@class = 'table-responsive']/table/tbody/tr/td[2]/a]
2022-12-20 13:32:46 INFO  ShoppingCartPage :136 - clear Quantity and change to 2[[ChromeDriver: chrome on WINDOWS (c572bc260f876043da9daf21c8cb6215)] -> xpath: //div[@class='input-group btn-block']/input]
2022-12-20 13:32:47 INFO  ShoppingCartPage :148 - click on Update button[[ChromeDriver: chrome on WINDOWS (c572bc260f876043da9daf21c8cb6215)] -> xpath: //tbody/tr[1]/td[4]/div[1]/span[1]/button[1]/i[1]]
2022-12-20 13:32:48 INFO  ShoppingCartPage :157 - Success: You have modified your shopping cart![[ChromeDriver: chrome on WINDOWS (c572bc260f876043da9daf21c8cb6215)] -> xpath: //div[@class='alert alert-success alert-dismissible']]
2022-12-20 13:32:49 INFO  ShoppingCartPage :168 -  The Total  £737.45[[ChromeDriver: chrome on WINDOWS (c572bc260f876043da9daf21c8cb6215)] -> xpath: //div[@class = 'table-responsive']/table/tbody/tr/td[6]]
2022-12-20 13:32:50 INFO  ShoppingCartPage :181 - click on checkout [[ChromeDriver: chrome on WINDOWS (c572bc260f876043da9daf21c8cb6215)] -> link text: Checkout]
2022-12-20 13:32:51 INFO  CheckoutPage :21 - verify checkout text on page[[ChromeDriver: chrome on WINDOWS (c572bc260f876043da9daf21c8cb6215)] -> xpath: //h1[contains(text(),'Checkout')]]
2022-12-20 13:32:52 INFO  CheckoutPage :33 - verify New customer text[[ChromeDriver: chrome on WINDOWS (c572bc260f876043da9daf21c8cb6215)] -> xpath: //h2[contains(text(),'New Customer')]]
2022-12-20 13:32:53 INFO  CheckoutPage :46 - click on guest checkout[[ChromeDriver: chrome on WINDOWS (c572bc260f876043da9daf21c8cb6215)] -> xpath: //input[@value='guest']]
2022-12-20 13:32:54 INFO  CheckoutPage :58 - click on continue[[ChromeDriver: chrome on WINDOWS (c572bc260f876043da9daf21c8cb6215)] -> id: button-account]
2022-12-20 13:32:55 INFO  CheckoutPage :67 - First name Jenna[[ChromeDriver: chrome on WINDOWS (c572bc260f876043da9daf21c8cb6215)] -> id: input-payment-firstname]
2022-12-20 13:32:56 INFO  CheckoutPage :77 - Last name Munim[[ChromeDriver: chrome on WINDOWS (c572bc260f876043da9daf21c8cb6215)] -> id: input-payment-lastname]
2022-12-20 13:32:56 INFO  CheckoutPage :87 - Email Jennamun@gmail.com[[ChromeDriver: chrome on WINDOWS (c572bc260f876043da9daf21c8cb6215)] -> id: input-payment-email]
2022-12-20 13:32:56 INFO  CheckoutPage :96 - Telephone no is 0208564585[[ChromeDriver: chrome on WINDOWS (c572bc260f876043da9daf21c8cb6215)] -> id: input-payment-telephone]
2022-12-20 13:32:56 INFO  CheckoutPage :105 - Address is 20.hanver lane[[ChromeDriver: chrome on WINDOWS (c572bc260f876043da9daf21c8cb6215)] -> id: input-payment-address-1]
2022-12-20 13:32:56 INFO  CheckoutPage :114 - City name is London[[ChromeDriver: chrome on WINDOWS (c572bc260f876043da9daf21c8cb6215)] -> id: input-payment-city]
2022-12-20 13:32:56 INFO  CheckoutPage :124 - Postcode is  LS2 4ZX[[ChromeDriver: chrome on WINDOWS (c572bc260f876043da9daf21c8cb6215)] -> id: input-payment-postcode]
2022-12-20 13:32:56 INFO  CheckoutPage :135 - Country name Switzerland[[ChromeDriver: chrome on WINDOWS (c572bc260f876043da9daf21c8cb6215)] -> xpath: //select[@id='input-payment-country']]
2022-12-20 13:32:56 INFO  CheckoutPage :145 - Region is Bern[[ChromeDriver: chrome on WINDOWS (c572bc260f876043da9daf21c8cb6215)] -> xpath: //select[@id='input-payment-zone']]
2022-12-20 13:32:56 INFO  CheckoutPage :155 - click on continue[[ChromeDriver: chrome on WINDOWS (c572bc260f876043da9daf21c8cb6215)] -> id: button-guest]
2022-12-20 13:32:57 INFO  CheckoutPage :167 - Please delivary onTime[[ChromeDriver: chrome on WINDOWS (c572bc260f876043da9daf21c8cb6215)] -> xpath: //body/div[@id='checkout-checkout']/div[1]/div[1]/div[1]/div[3]/div[2]/div[1]/p[2]/textarea[1]]
2022-12-20 13:32:58 INFO  CheckoutPage :179 - clickOnTermsAndCondition[[ChromeDriver: chrome on WINDOWS (c572bc260f876043da9daf21c8cb6215)] -> xpath: //input[@type='checkbox']]
2022-12-20 13:32:59 INFO  CheckoutPage :190 - click on continue[[ChromeDriver: chrome on WINDOWS (c572bc260f876043da9daf21c8cb6215)] -> id: button-payment-method]
2022-12-20 13:33:00 INFO  CheckoutPage :202 - “Warning: Payment method required [[ChromeDriver: chrome on WINDOWS (c572bc260f876043da9daf21c8cb6215)] -> xpath: //body/div[@id='checkout-checkout']/div[1]/div[1]/div[1]/div[3]/div[2]/div[1]/div[1]]
2022-12-20 13:33:04 INFO  LoginPage :22 - verifying text Returning customer[[ChromeDriver: chrome on WINDOWS (78ffa232e2bd09e47b3b1f563aaddd4a)] -> xpath: //h2[contains(text(),'Returning Customer')]]
2022-12-20 13:33:07 INFO  HomePage :61 - click on laptop and notebook[[ChromeDriver: chrome on WINDOWS (e6728391be303297f5bce30caf09e061)] -> link text: Laptops & Notebooks]
2022-12-20 13:33:08 INFO  LaptopAndNoteBookPage :32 - verify text Laptop[[ChromeDriver: chrome on WINDOWS (e6728391be303297f5bce30caf09e061)] -> xpath: //h2[contains(text(),'Laptops & Notebooks')]]
2022-12-20 13:33:48 INFO  HomePage :68 - click on desktop tab[[ChromeDriver: chrome on WINDOWS (1620ba3f239aa1bcf4aeaa5baec1e604)] -> link text: Desktops]
2022-12-20 13:33:48 INFO  HomePage :79 - click on All desktop tab[[ChromeDriver: chrome on WINDOWS (1620ba3f239aa1bcf4aeaa5baec1e604)] -> link text: Show All Desktops]
2022-12-20 13:33:48 INFO  HomePage :96 - click on currency[[ChromeDriver: chrome on WINDOWS (1620ba3f239aa1bcf4aeaa5baec1e604)] -> xpath: //span[contains(text(),'Currency')]]
2022-12-20 13:33:49 INFO  HomePage :103 - Select currency pound [[ChromeDriver: chrome on WINDOWS (1620ba3f239aa1bcf4aeaa5baec1e604)] -> xpath: //button[contains(text(),'£ Pound Sterling')]]
2022-12-20 13:33:49 INFO  DesktopsPage :51 - click on A toZ [[ChromeDriver: chrome on WINDOWS (1620ba3f239aa1bcf4aeaa5baec1e604)] -> xpath: //select[@id='input-sort']]
2022-12-20 13:33:50 INFO  DesktopsPage :37 - click on HP Laptop[[ChromeDriver: chrome on WINDOWS (1620ba3f239aa1bcf4aeaa5baec1e604)] -> xpath: //a[contains(text(),'HP LP3065')]]
2022-12-20 13:33:50 INFO  ProductLP3065Page :23 - Verify Laptop text[[ChromeDriver: chrome on WINDOWS (1620ba3f239aa1bcf4aeaa5baec1e604)] -> xpath: //h1[contains(text(),'HP LP3065')]]
2022-12-20 13:33:57 INFO  ProductLP3065Page :88 - Quantity enter : [[ChromeDriver: chrome on WINDOWS (1620ba3f239aa1bcf4aeaa5baec1e604)] -> name: quantity]
2022-12-20 13:33:57 INFO  ProductLP3065Page :74 - click on Add to cart[[ChromeDriver: chrome on WINDOWS (1620ba3f239aa1bcf4aeaa5baec1e604)] -> xpath: //button[@id='button-cart']]
2022-12-20 13:35:16 INFO  HomePage :68 - click on desktop tab[[ChromeDriver: chrome on WINDOWS (e9d205b67c8ebea4a6c908b9055dfbb7)] -> link text: Desktops]
2022-12-20 13:35:16 INFO  HomePage :79 - click on All desktop tab[[ChromeDriver: chrome on WINDOWS (e9d205b67c8ebea4a6c908b9055dfbb7)] -> link text: Show All Desktops]
2022-12-20 13:35:17 INFO  HomePage :96 - click on currency[[ChromeDriver: chrome on WINDOWS (e9d205b67c8ebea4a6c908b9055dfbb7)] -> xpath: //span[contains(text(),'Currency')]]
2022-12-20 13:35:17 INFO  HomePage :103 - Select currency pound [[ChromeDriver: chrome on WINDOWS (e9d205b67c8ebea4a6c908b9055dfbb7)] -> xpath: //button[contains(text(),'£ Pound Sterling')]]
2022-12-20 13:35:18 INFO  DesktopsPage :51 - click on A toZ [[ChromeDriver: chrome on WINDOWS (e9d205b67c8ebea4a6c908b9055dfbb7)] -> xpath: //select[@id='input-sort']]
2022-12-20 13:35:19 INFO  DesktopsPage :37 - click on HP Laptop[[ChromeDriver: chrome on WINDOWS (e9d205b67c8ebea4a6c908b9055dfbb7)] -> xpath: //a[contains(text(),'HP LP3065')]]
2022-12-20 13:35:19 INFO  ProductLP3065Page :23 - Verify Laptop text[[ChromeDriver: chrome on WINDOWS (e9d205b67c8ebea4a6c908b9055dfbb7)] -> xpath: //h1[contains(text(),'HP LP3065')]]
2022-12-20 13:35:25 INFO  ProductLP3065Page :88 - Quantity enter : [[ChromeDriver: chrome on WINDOWS (e9d205b67c8ebea4a6c908b9055dfbb7)] -> name: quantity]
2022-12-20 13:35:25 INFO  ProductLP3065Page :74 - click on Add to cart[[ChromeDriver: chrome on WINDOWS (e9d205b67c8ebea4a6c908b9055dfbb7)] -> xpath: //button[@id='button-cart']]
2022-12-20 13:35:26 INFO  ShoppingCartPage :58 - click on shopping  cart[[ChromeDriver: chrome on WINDOWS (e9d205b67c8ebea4a6c908b9055dfbb7)] -> xpath: //div[@class='alert alert-success alert-dismissible']/a[2]]
2022-12-20 13:35:27 INFO  ShoppingCartPage :86 - Verify ShoppingCart text[[ChromeDriver: chrome on WINDOWS (e9d205b67c8ebea4a6c908b9055dfbb7)] -> xpath: //div[@id='content']//h1]
2022-12-20 13:35:28 INFO  ShoppingCartPage :62 - Verify product name is : HP LP3065[[ChromeDriver: chrome on WINDOWS (e9d205b67c8ebea4a6c908b9055dfbb7)] -> xpath: //div[@class = 'table-responsive']/table/tbody/tr/td[2]/a]
2022-12-20 13:35:29 INFO  ShoppingCartPage :70 -  Delivery Date  : 2022-11-30[[ChromeDriver: chrome on WINDOWS (e9d205b67c8ebea4a6c908b9055dfbb7)] -> xpath: //div[@class = 'table-responsive']/table/tbody/tr/td[2]/small[1]]
2022-12-20 13:35:30 INFO  ShoppingCartPage :78 - the Model : Product21[[ChromeDriver: chrome on WINDOWS (e9d205b67c8ebea4a6c908b9055dfbb7)] -> xpath: //div[@class = 'table-responsive']/table/tbody/tr/td[3]]
2022-12-20 13:35:30 INFO  ShoppingCartPage :94 -  the Todat  £74.73[[ChromeDriver: chrome on WINDOWS (e9d205b67c8ebea4a6c908b9055dfbb7)] -> xpath: //div[@class = 'table-responsive']/table/tbody/tr/td[6]]
2022-12-20 13:37:09 INFO  HomePage :68 - click on desktop tab[[ChromeDriver: chrome on WINDOWS (31b3d377d4285f4ade214fc137dbec71)] -> link text: Desktops]
2022-12-20 13:37:09 INFO  HomePage :79 - click on All desktop tab[[ChromeDriver: chrome on WINDOWS (31b3d377d4285f4ade214fc137dbec71)] -> link text: Show All Desktops]
2022-12-20 13:37:10 INFO  HomePage :96 - click on currency[[ChromeDriver: chrome on WINDOWS (31b3d377d4285f4ade214fc137dbec71)] -> xpath: //span[contains(text(),'Currency')]]
2022-12-20 13:37:11 INFO  HomePage :103 - Select currency pound [[ChromeDriver: chrome on WINDOWS (31b3d377d4285f4ade214fc137dbec71)] -> xpath: //button[contains(text(),'£ Pound Sterling')]]
2022-12-20 13:37:11 INFO  DesktopsPage :51 - click on A toZ [[ChromeDriver: chrome on WINDOWS (31b3d377d4285f4ade214fc137dbec71)] -> xpath: //select[@id='input-sort']]
2022-12-20 13:37:13 INFO  DesktopsPage :37 - click on HP Laptop[[ChromeDriver: chrome on WINDOWS (31b3d377d4285f4ade214fc137dbec71)] -> xpath: //a[contains(text(),'HP LP3065')]]
2022-12-20 13:37:13 INFO  ProductLP3065Page :23 - Verify Laptop text[[ChromeDriver: chrome on WINDOWS (31b3d377d4285f4ade214fc137dbec71)] -> xpath: //h1[contains(text(),'HP LP3065')]]
2022-12-20 13:37:22 INFO  ProductLP3065Page :88 - Quantity enter : [[ChromeDriver: chrome on WINDOWS (31b3d377d4285f4ade214fc137dbec71)] -> name: quantity]
2022-12-20 13:37:22 INFO  ProductLP3065Page :74 - click on Add to cart[[ChromeDriver: chrome on WINDOWS (31b3d377d4285f4ade214fc137dbec71)] -> xpath: //button[@id='button-cart']]
2022-12-20 13:37:48 INFO  HomePage :61 - click on laptop and notebook[[ChromeDriver: chrome on WINDOWS (37de67051f47ff1e8a99fd505c8dce91)] -> link text: Laptops & Notebooks]
2022-12-20 13:37:49 INFO  HomePage :96 - click on currency[[ChromeDriver: chrome on WINDOWS (37de67051f47ff1e8a99fd505c8dce91)] -> xpath: //span[contains(text(),'Currency')]]
2022-12-20 13:37:50 INFO  HomePage :103 - Select currency pound [[ChromeDriver: chrome on WINDOWS (37de67051f47ff1e8a99fd505c8dce91)] -> xpath: //button[contains(text(),'£ Pound Sterling')]]
2022-12-20 13:37:51 INFO  LaptopAndNoteBookPage :41 - sort product high to low - Price (High > Low)[[ChromeDriver: chrome on WINDOWS (37de67051f47ff1e8a99fd505c8dce91)] -> xpath: //select[@id='input-sort']]
2022-12-20 13:37:53 INFO  LaptopAndNoteBookPage :80 - click on macbook[[ChromeDriver: chrome on WINDOWS (37de67051f47ff1e8a99fd505c8dce91)] -> link text: MacBook]
2022-12-20 13:37:53 INFO  ProductMacBookPage :21 - verify MacBook text[[ChromeDriver: chrome on WINDOWS (37de67051f47ff1e8a99fd505c8dce91)] -> xpath: //h1[contains(text(),'MacBook')]]
2022-12-20 13:37:54 INFO  ProductMacBookPage :35 - click on Add to cart[[ChromeDriver: chrome on WINDOWS (37de67051f47ff1e8a99fd505c8dce91)] -> xpath: //button[@id='button-cart']]
2022-12-20 13:37:55 INFO  ProductMacBookPage :44 - Success: You have added MacBook to your shopping cart![[ChromeDriver: chrome on WINDOWS (37de67051f47ff1e8a99fd505c8dce91)] -> xpath: //div[@class='alert alert-success alert-dismissible']]
2022-12-20 13:37:56 INFO  ProductMacBookPage :56 - click on Shopping cart[[ChromeDriver: chrome on WINDOWS (37de67051f47ff1e8a99fd505c8dce91)] -> xpath: //a[contains(text(),'shopping cart')]]
2022-12-20 13:37:56 INFO  ShoppingCartPage :121 - The Product name :MacBook[[ChromeDriver: chrome on WINDOWS (37de67051f47ff1e8a99fd505c8dce91)] -> xpath: //div[@class = 'table-responsive']/table/tbody/tr/td[2]/a]
2022-12-20 13:37:57 INFO  ShoppingCartPage :136 - clear Quantity and change to 2[[ChromeDriver: chrome on WINDOWS (37de67051f47ff1e8a99fd505c8dce91)] -> xpath: //div[@class='input-group btn-block']/input]
2022-12-20 13:37:57 INFO  ShoppingCartPage :148 - click on Update button[[ChromeDriver: chrome on WINDOWS (37de67051f47ff1e8a99fd505c8dce91)] -> xpath: //tbody/tr[1]/td[4]/div[1]/span[1]/button[1]/i[1]]
2022-12-20 13:37:58 INFO  ShoppingCartPage :157 - Success: You have modified your shopping cart![[ChromeDriver: chrome on WINDOWS (37de67051f47ff1e8a99fd505c8dce91)] -> xpath: //div[@class='alert alert-success alert-dismissible']]
2022-12-20 13:37:59 INFO  ShoppingCartPage :168 -  The Total  £737.45[[ChromeDriver: chrome on WINDOWS (37de67051f47ff1e8a99fd505c8dce91)] -> xpath: //div[@class = 'table-responsive']/table/tbody/tr/td[6]]
2022-12-20 13:38:01 INFO  ShoppingCartPage :181 - click on checkout [[ChromeDriver: chrome on WINDOWS (37de67051f47ff1e8a99fd505c8dce91)] -> link text: Checkout]
2022-12-20 13:38:02 INFO  CheckoutPage :21 - verify checkout text on page[[ChromeDriver: chrome on WINDOWS (37de67051f47ff1e8a99fd505c8dce91)] -> xpath: //h1[contains(text(),'Checkout')]]
2022-12-20 13:38:03 INFO  CheckoutPage :33 - verify New customer text[[ChromeDriver: chrome on WINDOWS (37de67051f47ff1e8a99fd505c8dce91)] -> xpath: //h2[contains(text(),'New Customer')]]
2022-12-20 13:38:04 INFO  CheckoutPage :46 - click on guest checkout[[ChromeDriver: chrome on WINDOWS (37de67051f47ff1e8a99fd505c8dce91)] -> xpath: //input[@value='guest']]
2022-12-20 13:38:05 INFO  CheckoutPage :58 - click on continue[[ChromeDriver: chrome on WINDOWS (37de67051f47ff1e8a99fd505c8dce91)] -> id: button-account]
2022-12-20 13:38:06 INFO  CheckoutPage :67 - First name Jenna[[ChromeDriver: chrome on WINDOWS (37de67051f47ff1e8a99fd505c8dce91)] -> id: input-payment-firstname]
2022-12-20 13:38:06 INFO  CheckoutPage :77 - Last name Munim[[ChromeDriver: chrome on WINDOWS (37de67051f47ff1e8a99fd505c8dce91)] -> id: input-payment-lastname]
2022-12-20 13:38:06 INFO  CheckoutPage :87 - Email Jennamun@gmail.com[[ChromeDriver: chrome on WINDOWS (37de67051f47ff1e8a99fd505c8dce91)] -> id: input-payment-email]
2022-12-20 13:38:06 INFO  CheckoutPage :96 - Telephone no is 0208564585[[ChromeDriver: chrome on WINDOWS (37de67051f47ff1e8a99fd505c8dce91)] -> id: input-payment-telephone]
2022-12-20 13:38:07 INFO  CheckoutPage :105 - Address is 20.hanver lane[[ChromeDriver: chrome on WINDOWS (37de67051f47ff1e8a99fd505c8dce91)] -> id: input-payment-address-1]
2022-12-20 13:38:07 INFO  CheckoutPage :114 - City name is London[[ChromeDriver: chrome on WINDOWS (37de67051f47ff1e8a99fd505c8dce91)] -> id: input-payment-city]
2022-12-20 13:38:07 INFO  CheckoutPage :124 - Postcode is  LS2 4ZX[[ChromeDriver: chrome on WINDOWS (37de67051f47ff1e8a99fd505c8dce91)] -> id: input-payment-postcode]
2022-12-20 13:38:07 INFO  CheckoutPage :135 - Country name Switzerland[[ChromeDriver: chrome on WINDOWS (37de67051f47ff1e8a99fd505c8dce91)] -> xpath: //select[@id='input-payment-country']]
2022-12-20 13:38:07 INFO  CheckoutPage :145 - Region is Bern[[ChromeDriver: chrome on WINDOWS (37de67051f47ff1e8a99fd505c8dce91)] -> xpath: //select[@id='input-payment-zone']]
2022-12-20 13:38:07 INFO  CheckoutPage :155 - click on continue[[ChromeDriver: chrome on WINDOWS (37de67051f47ff1e8a99fd505c8dce91)] -> id: button-guest]
2022-12-20 13:38:08 INFO  CheckoutPage :167 - Please delivary onTime[[ChromeDriver: chrome on WINDOWS (37de67051f47ff1e8a99fd505c8dce91)] -> xpath: //body/div[@id='checkout-checkout']/div[1]/div[1]/div[1]/div[3]/div[2]/div[1]/p[2]/textarea[1]]
2022-12-20 13:38:09 INFO  CheckoutPage :179 - clickOnTermsAndCondition[[ChromeDriver: chrome on WINDOWS (37de67051f47ff1e8a99fd505c8dce91)] -> xpath: //input[@type='checkbox']]
2022-12-20 13:38:10 INFO  CheckoutPage :190 - click on continue[[ChromeDriver: chrome on WINDOWS (37de67051f47ff1e8a99fd505c8dce91)] -> id: button-payment-method]
2022-12-20 13:38:11 INFO  CheckoutPage :202 - “Warning: Payment method required [[ChromeDriver: chrome on WINDOWS (37de67051f47ff1e8a99fd505c8dce91)] -> xpath: //body/div[@id='checkout-checkout']/div[1]/div[1]/div[1]/div[3]/div[2]/div[1]/div[1]]
2022-12-20 13:38:16 INFO  LoginPage :22 - verifying text Returning customer[[ChromeDriver: chrome on WINDOWS (4d3d37677db124ee2983933a824be977)] -> xpath: //h2[contains(text(),'Returning Customer')]]
2022-12-20 13:38:20 INFO  HomePage :61 - click on laptop and notebook[[ChromeDriver: chrome on WINDOWS (24c2a705d33f0b92740070bc07008444)] -> link text: Laptops & Notebooks]
2022-12-20 13:38:22 INFO  LaptopAndNoteBookPage :32 - verify text Laptop[[ChromeDriver: chrome on WINDOWS (24c2a705d33f0b92740070bc07008444)] -> xpath: //h2[contains(text(),'Laptops & Notebooks')]]
2022-12-20 14:59:52 INFO  HomePage :68 - click on desktop tab[[ChromeDriver: chrome on WINDOWS (bf7fd4b0e9f50dc4f0659bb2505ac67c)] -> link text: Desktops]
2022-12-20 14:59:52 INFO  HomePage :79 - click on All desktop tab[[ChromeDriver: chrome on WINDOWS (bf7fd4b0e9f50dc4f0659bb2505ac67c)] -> link text: Show All Desktops]
2022-12-20 14:59:53 INFO  HomePage :96 - click on currency[[ChromeDriver: chrome on WINDOWS (bf7fd4b0e9f50dc4f0659bb2505ac67c)] -> xpath: //span[contains(text(),'Currency')]]
2022-12-20 14:59:54 INFO  HomePage :103 - Select currency pound [[ChromeDriver: chrome on WINDOWS (bf7fd4b0e9f50dc4f0659bb2505ac67c)] -> xpath: //button[contains(text(),'£ Pound Sterling')]]
2022-12-20 14:59:55 INFO  DesktopsPage :51 - click on A toZ [[ChromeDriver: chrome on WINDOWS (bf7fd4b0e9f50dc4f0659bb2505ac67c)] -> xpath: //select[@id='input-sort']]
2022-12-20 14:59:56 INFO  DesktopsPage :37 - click on HP Laptop[[ChromeDriver: chrome on WINDOWS (bf7fd4b0e9f50dc4f0659bb2505ac67c)] -> xpath: //a[contains(text(),'HP LP3065')]]
2022-12-20 14:59:56 INFO  ProductLP3065Page :23 - Verify Laptop text[[ChromeDriver: chrome on WINDOWS (bf7fd4b0e9f50dc4f0659bb2505ac67c)] -> xpath: //h1[contains(text(),'HP LP3065')]]
2022-12-20 15:00:06 INFO  ProductLP3065Page :88 - Quantity enter : [[ChromeDriver: chrome on WINDOWS (bf7fd4b0e9f50dc4f0659bb2505ac67c)] -> name: quantity]
2022-12-20 15:00:06 INFO  ProductLP3065Page :74 - click on Add to cart[[ChromeDriver: chrome on WINDOWS (bf7fd4b0e9f50dc4f0659bb2505ac67c)] -> xpath: //button[@id='button-cart']]
2022-12-20 15:02:59 INFO  HomePage :68 - click on desktop tab[[ChromeDriver: chrome on WINDOWS (bb0051d4eb9d96295b650f21c1b54cdb)] -> link text: Desktops]
2022-12-20 15:02:59 INFO  HomePage :79 - click on All desktop tab[[ChromeDriver: chrome on WINDOWS (bb0051d4eb9d96295b650f21c1b54cdb)] -> link text: Show All Desktops]
2022-12-20 15:03:00 INFO  HomePage :96 - click on currency[[ChromeDriver: chrome on WINDOWS (bb0051d4eb9d96295b650f21c1b54cdb)] -> xpath: //span[contains(text(),'Currency')]]
2022-12-20 15:03:01 INFO  HomePage :103 - Select currency pound [[ChromeDriver: chrome on WINDOWS (bb0051d4eb9d96295b650f21c1b54cdb)] -> xpath: //button[contains(text(),'£ Pound Sterling')]]
2022-12-20 15:03:01 INFO  DesktopsPage :51 - click on A toZ [[ChromeDriver: chrome on WINDOWS (bb0051d4eb9d96295b650f21c1b54cdb)] -> xpath: //select[@id='input-sort']]
2022-12-20 15:03:03 INFO  DesktopsPage :37 - click on HP Laptop[[ChromeDriver: chrome on WINDOWS (bb0051d4eb9d96295b650f21c1b54cdb)] -> xpath: //a[contains(text(),'HP LP3065')]]
2022-12-20 15:03:03 INFO  ProductLP3065Page :23 - Verify Laptop text[[ChromeDriver: chrome on WINDOWS (bb0051d4eb9d96295b650f21c1b54cdb)] -> xpath: //h1[contains(text(),'HP LP3065')]]
2022-12-20 15:03:12 INFO  ProductLP3065Page :88 - Quantity enter : [[ChromeDriver: chrome on WINDOWS (bb0051d4eb9d96295b650f21c1b54cdb)] -> name: quantity]
2022-12-20 15:03:14 INFO  ProductLP3065Page :74 - click on Add to cart[[ChromeDriver: chrome on WINDOWS (bb0051d4eb9d96295b650f21c1b54cdb)] -> xpath: //button[@id='button-cart']]
2022-12-20 15:08:11 INFO  HomePage :68 - click on desktop tab[[ChromeDriver: chrome on WINDOWS (f5fa5204ceb354de4901aff182a4b4e6)] -> link text: Desktops]
2022-12-20 15:08:11 INFO  HomePage :79 - click on All desktop tab[[ChromeDriver: chrome on WINDOWS (f5fa5204ceb354de4901aff182a4b4e6)] -> link text: Show All Desktops]
2022-12-20 15:08:12 INFO  HomePage :96 - click on currency[[ChromeDriver: chrome on WINDOWS (f5fa5204ceb354de4901aff182a4b4e6)] -> xpath: //span[contains(text(),'Currency')]]
2022-12-20 15:08:12 INFO  HomePage :103 - Select currency pound [[ChromeDriver: chrome on WINDOWS (f5fa5204ceb354de4901aff182a4b4e6)] -> xpath: //button[contains(text(),'£ Pound Sterling')]]
2022-12-20 15:08:13 INFO  DesktopsPage :51 - click on A toZ [[ChromeDriver: chrome on WINDOWS (f5fa5204ceb354de4901aff182a4b4e6)] -> xpath: //select[@id='input-sort']]
2022-12-20 15:08:14 INFO  DesktopsPage :37 - click on HP Laptop[[ChromeDriver: chrome on WINDOWS (f5fa5204ceb354de4901aff182a4b4e6)] -> xpath: //a[contains(text(),'HP LP3065')]]
2022-12-20 15:08:14 INFO  ProductLP3065Page :23 - Verify Laptop text[[ChromeDriver: chrome on WINDOWS (f5fa5204ceb354de4901aff182a4b4e6)] -> xpath: //h1[contains(text(),'HP LP3065')]]
2022-12-20 15:08:24 INFO  ProductLP3065Page :88 - Quantity enter : [[ChromeDriver: chrome on WINDOWS (f5fa5204ceb354de4901aff182a4b4e6)] -> name: quantity]
2022-12-20 15:08:30 INFO  ProductLP3065Page :74 - click on Add to cart[[ChromeDriver: chrome on WINDOWS (f5fa5204ceb354de4901aff182a4b4e6)] -> id: button-cart]
2022-12-20 15:08:37 INFO  ShoppingCartPage :58 - click on shopping  cart[[ChromeDriver: chrome on WINDOWS (f5fa5204ceb354de4901aff182a4b4e6)] -> xpath: //div[@class='alert alert-success alert-dismissible']/a[2]]
2022-12-20 15:08:39 INFO  ShoppingCartPage :86 - Verify ShoppingCart text[[ChromeDriver: chrome on WINDOWS (f5fa5204ceb354de4901aff182a4b4e6)] -> xpath: //div[@id='content']//h1]
2022-12-20 15:08:40 INFO  ShoppingCartPage :62 - Verify product name is : HP LP3065[[ChromeDriver: chrome on WINDOWS (f5fa5204ceb354de4901aff182a4b4e6)] -> xpath: //div[@class = 'table-responsive']/table/tbody/tr/td[2]/a]
2022-12-20 15:08:41 INFO  ShoppingCartPage :70 -  Delivery Date  : 2022-11-30[[ChromeDriver: chrome on WINDOWS (f5fa5204ceb354de4901aff182a4b4e6)] -> xpath: //div[@class = 'table-responsive']/table/tbody/tr/td[2]/small[1]]
2022-12-20 15:08:43 INFO  ShoppingCartPage :78 - the Model : Product21[[ChromeDriver: chrome on WINDOWS (f5fa5204ceb354de4901aff182a4b4e6)] -> xpath: //div[@class = 'table-responsive']/table/tbody/tr/td[3]]
2022-12-20 15:08:43 INFO  ShoppingCartPage :94 -  the Todat  £74.73[[ChromeDriver: chrome on WINDOWS (f5fa5204ceb354de4901aff182a4b4e6)] -> xpath: //div[@class = 'table-responsive']/table/tbody/tr/td[6]]
2022-12-20 15:09:26 INFO  HomePage :68 - click on desktop tab[[ChromeDriver: chrome on WINDOWS (33d190cbb2aa225cfdd4e69d7d1fb913)] -> link text: Desktops]
2022-12-20 15:09:26 INFO  HomePage :79 - click on All desktop tab[[ChromeDriver: chrome on WINDOWS (33d190cbb2aa225cfdd4e69d7d1fb913)] -> link text: Show All Desktops]
2022-12-20 15:09:27 INFO  HomePage :96 - click on currency[[ChromeDriver: chrome on WINDOWS (33d190cbb2aa225cfdd4e69d7d1fb913)] -> xpath: //span[contains(text(),'Currency')]]
2022-12-20 15:09:27 INFO  HomePage :103 - Select currency pound [[ChromeDriver: chrome on WINDOWS (33d190cbb2aa225cfdd4e69d7d1fb913)] -> xpath: //button[contains(text(),'£ Pound Sterling')]]
2022-12-20 15:09:28 INFO  DesktopsPage :51 - click on A toZ [[ChromeDriver: chrome on WINDOWS (33d190cbb2aa225cfdd4e69d7d1fb913)] -> xpath: //select[@id='input-sort']]
2022-12-20 15:09:29 INFO  DesktopsPage :37 - click on HP Laptop[[ChromeDriver: chrome on WINDOWS (33d190cbb2aa225cfdd4e69d7d1fb913)] -> xpath: //a[contains(text(),'HP LP3065')]]
2022-12-20 15:09:29 INFO  ProductLP3065Page :23 - Verify Laptop text[[ChromeDriver: chrome on WINDOWS (33d190cbb2aa225cfdd4e69d7d1fb913)] -> xpath: //h1[contains(text(),'HP LP3065')]]
2022-12-20 15:09:39 INFO  ProductLP3065Page :88 - Quantity enter : [[ChromeDriver: chrome on WINDOWS (33d190cbb2aa225cfdd4e69d7d1fb913)] -> name: quantity]
2022-12-20 15:09:41 INFO  ProductLP3065Page :74 - click on Add to cart[[ChromeDriver: chrome on WINDOWS (33d190cbb2aa225cfdd4e69d7d1fb913)] -> id: button-cart]
2022-12-20 15:09:43 INFO  ShoppingCartPage :58 - click on shopping  cart[[ChromeDriver: chrome on WINDOWS (33d190cbb2aa225cfdd4e69d7d1fb913)] -> xpath: //div[@class='alert alert-success alert-dismissible']/a[2]]
2022-12-20 15:09:45 INFO  ShoppingCartPage :86 - Verify ShoppingCart text[[ChromeDriver: chrome on WINDOWS (33d190cbb2aa225cfdd4e69d7d1fb913)] -> xpath: //div[@id='content']//h1]
2022-12-20 15:09:46 INFO  ShoppingCartPage :62 - Verify product name is : HP LP3065[[ChromeDriver: chrome on WINDOWS (33d190cbb2aa225cfdd4e69d7d1fb913)] -> xpath: //div[@class = 'table-responsive']/table/tbody/tr/td[2]/a]
2022-12-20 15:09:47 INFO  ShoppingCartPage :70 -  Delivery Date  : 2022-11-30[[ChromeDriver: chrome on WINDOWS (33d190cbb2aa225cfdd4e69d7d1fb913)] -> xpath: //div[@class = 'table-responsive']/table/tbody/tr/td[2]/small[1]]
2022-12-20 15:09:48 INFO  ShoppingCartPage :78 - the Model : Product21[[ChromeDriver: chrome on WINDOWS (33d190cbb2aa225cfdd4e69d7d1fb913)] -> xpath: //div[@class = 'table-responsive']/table/tbody/tr/td[3]]
2022-12-20 15:09:48 INFO  ShoppingCartPage :94 -  the Todat  £74.73[[ChromeDriver: chrome on WINDOWS (33d190cbb2aa225cfdd4e69d7d1fb913)] -> xpath: //div[@class = 'table-responsive']/table/tbody/tr/td[6]]
2022-12-20 15:09:54 INFO  HomePage :61 - click on laptop and notebook[[ChromeDriver: chrome on WINDOWS (4093f27804a5981ec2ef72e8141efcaa)] -> link text: Laptops & Notebooks]
2022-12-20 15:09:55 INFO  HomePage :96 - click on currency[[ChromeDriver: chrome on WINDOWS (4093f27804a5981ec2ef72e8141efcaa)] -> xpath: //span[contains(text(),'Currency')]]
2022-12-20 15:09:55 INFO  HomePage :103 - Select currency pound [[ChromeDriver: chrome on WINDOWS (4093f27804a5981ec2ef72e8141efcaa)] -> xpath: //button[contains(text(),'£ Pound Sterling')]]
2022-12-20 15:09:57 INFO  LaptopAndNoteBookPage :41 - sort product high to low - Price (High > Low)[[ChromeDriver: chrome on WINDOWS (4093f27804a5981ec2ef72e8141efcaa)] -> xpath: //select[@id='input-sort']]
2022-12-20 15:09:58 INFO  LaptopAndNoteBookPage :80 - click on macbook[[ChromeDriver: chrome on WINDOWS (4093f27804a5981ec2ef72e8141efcaa)] -> link text: MacBook]
2022-12-20 15:09:58 INFO  ProductMacBookPage :21 - verify MacBook text[[ChromeDriver: chrome on WINDOWS (4093f27804a5981ec2ef72e8141efcaa)] -> xpath: //h1[contains(text(),'MacBook')]]
2022-12-20 15:09:59 INFO  ProductMacBookPage :35 - click on Add to cart[[ChromeDriver: chrome on WINDOWS (4093f27804a5981ec2ef72e8141efcaa)] -> xpath: //button[@id='button-cart']]
2022-12-20 15:10:00 INFO  ProductMacBookPage :44 - Success: You have added MacBook to your shopping cart![[ChromeDriver: chrome on WINDOWS (4093f27804a5981ec2ef72e8141efcaa)] -> xpath: //div[@class='alert alert-success alert-dismissible']]
2022-12-20 15:10:02 INFO  ProductMacBookPage :56 - click on Shopping cart[[ChromeDriver: chrome on WINDOWS (4093f27804a5981ec2ef72e8141efcaa)] -> xpath: //a[contains(text(),'shopping cart')]]
2022-12-20 15:10:02 INFO  ShoppingCartPage :121 - The Product name :MacBook[[ChromeDriver: chrome on WINDOWS (4093f27804a5981ec2ef72e8141efcaa)] -> xpath: //div[@class = 'table-responsive']/table/tbody/tr/td[2]/a]
2022-12-20 15:10:02 INFO  ShoppingCartPage :136 - clear Quantity and change to 2[[ChromeDriver: chrome on WINDOWS (4093f27804a5981ec2ef72e8141efcaa)] -> xpath: //div[@class='input-group btn-block']/input]
2022-12-20 15:10:03 INFO  ShoppingCartPage :148 - click on Update button[[ChromeDriver: chrome on WINDOWS (4093f27804a5981ec2ef72e8141efcaa)] -> xpath: //tbody/tr[1]/td[4]/div[1]/span[1]/button[1]/i[1]]
2022-12-20 15:10:04 INFO  ShoppingCartPage :157 - Success: You have modified your shopping cart![[ChromeDriver: chrome on WINDOWS (4093f27804a5981ec2ef72e8141efcaa)] -> xpath: //div[@class='alert alert-success alert-dismissible']]
2022-12-20 15:10:05 INFO  ShoppingCartPage :168 -  The Total  £737.45[[ChromeDriver: chrome on WINDOWS (4093f27804a5981ec2ef72e8141efcaa)] -> xpath: //div[@class = 'table-responsive']/table/tbody/tr/td[6]]
2022-12-20 15:10:06 INFO  ShoppingCartPage :181 - click on checkout [[ChromeDriver: chrome on WINDOWS (4093f27804a5981ec2ef72e8141efcaa)] -> link text: Checkout]
2022-12-20 15:10:07 INFO  CheckoutPage :21 - verify checkout text on page[[ChromeDriver: chrome on WINDOWS (4093f27804a5981ec2ef72e8141efcaa)] -> xpath: //h1[contains(text(),'Checkout')]]
2022-12-20 15:10:08 INFO  CheckoutPage :33 - verify New customer text[[ChromeDriver: chrome on WINDOWS (4093f27804a5981ec2ef72e8141efcaa)] -> xpath: //h2[contains(text(),'New Customer')]]
2022-12-20 15:10:09 INFO  CheckoutPage :46 - click on guest checkout[[ChromeDriver: chrome on WINDOWS (4093f27804a5981ec2ef72e8141efcaa)] -> xpath: //input[@value='guest']]
2022-12-20 15:10:11 INFO  CheckoutPage :58 - click on continue[[ChromeDriver: chrome on WINDOWS (4093f27804a5981ec2ef72e8141efcaa)] -> id: button-account]
2022-12-20 15:10:12 INFO  CheckoutPage :67 - First name Jenna[[ChromeDriver: chrome on WINDOWS (4093f27804a5981ec2ef72e8141efcaa)] -> id: input-payment-firstname]
2022-12-20 15:10:12 INFO  CheckoutPage :77 - Last name Munim[[ChromeDriver: chrome on WINDOWS (4093f27804a5981ec2ef72e8141efcaa)] -> id: input-payment-lastname]
2022-12-20 15:10:12 INFO  CheckoutPage :87 - Email Jennamun@gmail.com[[ChromeDriver: chrome on WINDOWS (4093f27804a5981ec2ef72e8141efcaa)] -> id: input-payment-email]
2022-12-20 15:10:12 INFO  CheckoutPage :96 - Telephone no is 0208564585[[ChromeDriver: chrome on WINDOWS (4093f27804a5981ec2ef72e8141efcaa)] -> id: input-payment-telephone]
2022-12-20 15:10:12 INFO  CheckoutPage :105 - Address is 20.hanver lane[[ChromeDriver: chrome on WINDOWS (4093f27804a5981ec2ef72e8141efcaa)] -> id: input-payment-address-1]
2022-12-20 15:10:12 INFO  CheckoutPage :114 - City name is London[[ChromeDriver: chrome on WINDOWS (4093f27804a5981ec2ef72e8141efcaa)] -> id: input-payment-city]
2022-12-20 15:10:12 INFO  CheckoutPage :124 - Postcode is  LS2 4ZX[[ChromeDriver: chrome on WINDOWS (4093f27804a5981ec2ef72e8141efcaa)] -> id: input-payment-postcode]
2022-12-20 15:10:12 INFO  CheckoutPage :135 - Country name Switzerland[[ChromeDriver: chrome on WINDOWS (4093f27804a5981ec2ef72e8141efcaa)] -> xpath: //select[@id='input-payment-country']]
2022-12-20 15:10:12 INFO  CheckoutPage :145 - Region is Bern[[ChromeDriver: chrome on WINDOWS (4093f27804a5981ec2ef72e8141efcaa)] -> xpath: //select[@id='input-payment-zone']]
2022-12-20 15:10:13 INFO  CheckoutPage :155 - click on continue[[ChromeDriver: chrome on WINDOWS (4093f27804a5981ec2ef72e8141efcaa)] -> id: button-guest]
2022-12-20 15:10:13 INFO  CheckoutPage :167 - Please delivary onTime[[ChromeDriver: chrome on WINDOWS (4093f27804a5981ec2ef72e8141efcaa)] -> xpath: //body/div[@id='checkout-checkout']/div[1]/div[1]/div[1]/div[3]/div[2]/div[1]/p[2]/textarea[1]]
2022-12-20 15:10:14 INFO  CheckoutPage :179 - clickOnTermsAndCondition[[ChromeDriver: chrome on WINDOWS (4093f27804a5981ec2ef72e8141efcaa)] -> xpath: //input[@type='checkbox']]
2022-12-20 15:10:15 INFO  CheckoutPage :190 - click on continue[[ChromeDriver: chrome on WINDOWS (4093f27804a5981ec2ef72e8141efcaa)] -> id: button-payment-method]
2022-12-20 15:10:16 INFO  CheckoutPage :202 - “Warning: Payment method required [[ChromeDriver: chrome on WINDOWS (4093f27804a5981ec2ef72e8141efcaa)] -> xpath: //body/div[@id='checkout-checkout']/div[1]/div[1]/div[1]/div[3]/div[2]/div[1]/div[1]]
2022-12-20 15:10:22 INFO  LoginPage :22 - verifying text Returning customer[[ChromeDriver: chrome on WINDOWS (9cca5a337d3cbe5b5504358ecd67d3c7)] -> xpath: //h2[contains(text(),'Returning Customer')]]
2022-12-20 15:10:26 INFO  HomePage :61 - click on laptop and notebook[[ChromeDriver: chrome on WINDOWS (f3ec54ac961ef686b5495004c1aa62a2)] -> link text: Laptops & Notebooks]
2022-12-20 15:10:27 INFO  LaptopAndNoteBookPage :32 - verify text Laptop[[ChromeDriver: chrome on WINDOWS (f3ec54ac961ef686b5495004c1aa62a2)] -> xpath: //h2[contains(text(),'Laptops & Notebooks')]]
2022-12-20 15:10:48 INFO  HomePage :68 - click on desktop tab[[ChromeDriver: chrome on WINDOWS (e5a6aaabaafeea1edd0bd03175b1f8d3)] -> link text: Desktops]
2022-12-20 15:10:48 INFO  HomePage :79 - click on All desktop tab[[ChromeDriver: chrome on WINDOWS (e5a6aaabaafeea1edd0bd03175b1f8d3)] -> link text: Show All Desktops]
2022-12-20 15:10:50 INFO  DesktopsPage :59 - click on Z to A[[ChromeDriver: chrome on WINDOWS (e5a6aaabaafeea1edd0bd03175b1f8d3)] -> xpath: //select[@id='input-sort']]
2022-12-20 15:10:55 INFO  HomePage :68 - click on desktop tab[[ChromeDriver: chrome on WINDOWS (d4b97d75a0fd29e6768c70bee732d25d)] -> link text: Desktops]
2022-12-20 15:10:55 INFO  HomePage :79 - click on All desktop tab[[ChromeDriver: chrome on WINDOWS (d4b97d75a0fd29e6768c70bee732d25d)] -> link text: Show All Desktops]
2022-12-20 15:10:56 INFO  HomePage :96 - click on currency[[ChromeDriver: chrome on WINDOWS (d4b97d75a0fd29e6768c70bee732d25d)] -> xpath: //span[contains(text(),'Currency')]]
2022-12-20 15:10:57 INFO  HomePage :103 - Select currency pound [[ChromeDriver: chrome on WINDOWS (d4b97d75a0fd29e6768c70bee732d25d)] -> xpath: //button[contains(text(),'£ Pound Sterling')]]
2022-12-20 15:10:57 INFO  DesktopsPage :51 - click on A toZ [[ChromeDriver: chrome on WINDOWS (d4b97d75a0fd29e6768c70bee732d25d)] -> xpath: //select[@id='input-sort']]
2022-12-20 15:10:59 INFO  DesktopsPage :37 - click on HP Laptop[[ChromeDriver: chrome on WINDOWS (d4b97d75a0fd29e6768c70bee732d25d)] -> xpath: //a[contains(text(),'HP LP3065')]]
2022-12-20 15:10:59 INFO  ProductLP3065Page :23 - Verify Laptop text[[ChromeDriver: chrome on WINDOWS (d4b97d75a0fd29e6768c70bee732d25d)] -> xpath: //h1[contains(text(),'HP LP3065')]]
2022-12-20 15:11:09 INFO  ProductLP3065Page :88 - Quantity enter : [[ChromeDriver: chrome on WINDOWS (d4b97d75a0fd29e6768c70bee732d25d)] -> name: quantity]
2022-12-20 15:11:10 INFO  ProductLP3065Page :74 - click on Add to cart[[ChromeDriver: chrome on WINDOWS (d4b97d75a0fd29e6768c70bee732d25d)] -> id: button-cart]
2022-12-20 15:11:13 INFO  ShoppingCartPage :58 - click on shopping  cart[[ChromeDriver: chrome on WINDOWS (d4b97d75a0fd29e6768c70bee732d25d)] -> xpath: //div[@class='alert alert-success alert-dismissible']/a[2]]
2022-12-20 15:11:15 INFO  ShoppingCartPage :86 - Verify ShoppingCart text[[ChromeDriver: chrome on WINDOWS (d4b97d75a0fd29e6768c70bee732d25d)] -> xpath: //div[@id='content']//h1]
2022-12-20 15:11:16 INFO  ShoppingCartPage :62 - Verify product name is : HP LP3065[[ChromeDriver: chrome on WINDOWS (d4b97d75a0fd29e6768c70bee732d25d)] -> xpath: //div[@class = 'table-responsive']/table/tbody/tr/td[2]/a]
2022-12-20 15:11:17 INFO  ShoppingCartPage :70 -  Delivery Date  : 2022-11-30[[ChromeDriver: chrome on WINDOWS (d4b97d75a0fd29e6768c70bee732d25d)] -> xpath: //div[@class = 'table-responsive']/table/tbody/tr/td[2]/small[1]]
2022-12-20 15:11:18 INFO  ShoppingCartPage :78 - the Model : Product21[[ChromeDriver: chrome on WINDOWS (d4b97d75a0fd29e6768c70bee732d25d)] -> xpath: //div[@class = 'table-responsive']/table/tbody/tr/td[3]]
2022-12-20 15:11:18 INFO  ShoppingCartPage :94 -  the Todat  £74.73[[ChromeDriver: chrome on WINDOWS (d4b97d75a0fd29e6768c70bee732d25d)] -> xpath: //div[@class = 'table-responsive']/table/tbody/tr/td[6]]
2022-12-20 15:11:23 INFO  HomePage :61 - click on laptop and notebook[[ChromeDriver: chrome on WINDOWS (a4c0f24d862b681e89d2c033ec5941cd)] -> link text: Laptops & Notebooks]
2022-12-20 15:11:26 INFO  LaptopAndNoteBookPage :41 - sort product high to low - Price (High > Low)[[ChromeDriver: chrome on WINDOWS (a4c0f24d862b681e89d2c033ec5941cd)] -> xpath: //select[@id='input-sort']]
2022-12-20 15:11:31 INFO  HomePage :61 - click on laptop and notebook[[ChromeDriver: chrome on WINDOWS (069336085e90268f3badcf4d955e8926)] -> link text: Laptops & Notebooks]
2022-12-20 15:11:33 INFO  HomePage :96 - click on currency[[ChromeDriver: chrome on WINDOWS (069336085e90268f3badcf4d955e8926)] -> xpath: //span[contains(text(),'Currency')]]
2022-12-20 15:11:33 INFO  HomePage :103 - Select currency pound [[ChromeDriver: chrome on WINDOWS (069336085e90268f3badcf4d955e8926)] -> xpath: //button[contains(text(),'£ Pound Sterling')]]
2022-12-20 15:11:35 INFO  LaptopAndNoteBookPage :41 - sort product high to low - Price (High > Low)[[ChromeDriver: chrome on WINDOWS (069336085e90268f3badcf4d955e8926)] -> xpath: //select[@id='input-sort']]
2022-12-20 15:11:36 INFO  LaptopAndNoteBookPage :80 - click on macbook[[ChromeDriver: chrome on WINDOWS (069336085e90268f3badcf4d955e8926)] -> link text: MacBook]
2022-12-20 15:11:36 INFO  ProductMacBookPage :21 - verify MacBook text[[ChromeDriver: chrome on WINDOWS (069336085e90268f3badcf4d955e8926)] -> xpath: //h1[contains(text(),'MacBook')]]
2022-12-20 15:11:37 INFO  ProductMacBookPage :35 - click on Add to cart[[ChromeDriver: chrome on WINDOWS (069336085e90268f3badcf4d955e8926)] -> xpath: //button[@id='button-cart']]
2022-12-20 15:11:38 INFO  ProductMacBookPage :44 - Success: You have added MacBook to your shopping cart![[ChromeDriver: chrome on WINDOWS (069336085e90268f3badcf4d955e8926)] -> xpath: //div[@class='alert alert-success alert-dismissible']]
2022-12-20 15:11:40 INFO  ProductMacBookPage :56 - click on Shopping cart[[ChromeDriver: chrome on WINDOWS (069336085e90268f3badcf4d955e8926)] -> xpath: //a[contains(text(),'shopping cart')]]
2022-12-20 15:11:40 INFO  ShoppingCartPage :121 - The Product name :MacBook[[ChromeDriver: chrome on WINDOWS (069336085e90268f3badcf4d955e8926)] -> xpath: //div[@class = 'table-responsive']/table/tbody/tr/td[2]/a]
2022-12-20 15:11:40 INFO  ShoppingCartPage :136 - clear Quantity and change to 2[[ChromeDriver: chrome on WINDOWS (069336085e90268f3badcf4d955e8926)] -> xpath: //div[@class='input-group btn-block']/input]
2022-12-20 15:11:41 INFO  ShoppingCartPage :148 - click on Update button[[ChromeDriver: chrome on WINDOWS (069336085e90268f3badcf4d955e8926)] -> xpath: //tbody/tr[1]/td[4]/div[1]/span[1]/button[1]/i[1]]
2022-12-20 15:11:42 INFO  ShoppingCartPage :157 - Success: You have modified your shopping cart![[ChromeDriver: chrome on WINDOWS (069336085e90268f3badcf4d955e8926)] -> xpath: //div[@class='alert alert-success alert-dismissible']]
2022-12-20 15:11:43 INFO  ShoppingCartPage :168 -  The Total  £737.45[[ChromeDriver: chrome on WINDOWS (069336085e90268f3badcf4d955e8926)] -> xpath: //div[@class = 'table-responsive']/table/tbody/tr/td[6]]
2022-12-20 15:11:44 INFO  ShoppingCartPage :181 - click on checkout [[ChromeDriver: chrome on WINDOWS (069336085e90268f3badcf4d955e8926)] -> link text: Checkout]
2022-12-20 15:11:45 INFO  CheckoutPage :21 - verify checkout text on page[[ChromeDriver: chrome on WINDOWS (069336085e90268f3badcf4d955e8926)] -> xpath: //h1[contains(text(),'Checkout')]]
2022-12-20 15:11:46 INFO  CheckoutPage :33 - verify New customer text[[ChromeDriver: chrome on WINDOWS (069336085e90268f3badcf4d955e8926)] -> xpath: //h2[contains(text(),'New Customer')]]
2022-12-20 15:11:47 INFO  CheckoutPage :46 - click on guest checkout[[ChromeDriver: chrome on WINDOWS (069336085e90268f3badcf4d955e8926)] -> xpath: //input[@value='guest']]
2022-12-20 15:11:48 INFO  CheckoutPage :58 - click on continue[[ChromeDriver: chrome on WINDOWS (069336085e90268f3badcf4d955e8926)] -> id: button-account]
2022-12-20 15:11:49 INFO  CheckoutPage :67 - First name Jenna[[ChromeDriver: chrome on WINDOWS (069336085e90268f3badcf4d955e8926)] -> id: input-payment-firstname]
2022-12-20 15:11:50 INFO  CheckoutPage :77 - Last name Munim[[ChromeDriver: chrome on WINDOWS (069336085e90268f3badcf4d955e8926)] -> id: input-payment-lastname]
2022-12-20 15:11:50 INFO  CheckoutPage :87 - Email Jennamun@gmail.com[[ChromeDriver: chrome on WINDOWS (069336085e90268f3badcf4d955e8926)] -> id: input-payment-email]
2022-12-20 15:11:50 INFO  CheckoutPage :96 - Telephone no is 0208564585[[ChromeDriver: chrome on WINDOWS (069336085e90268f3badcf4d955e8926)] -> id: input-payment-telephone]
2022-12-20 15:11:50 INFO  CheckoutPage :105 - Address is 20.hanver lane[[ChromeDriver: chrome on WINDOWS (069336085e90268f3badcf4d955e8926)] -> id: input-payment-address-1]
2022-12-20 15:11:50 INFO  CheckoutPage :114 - City name is London[[ChromeDriver: chrome on WINDOWS (069336085e90268f3badcf4d955e8926)] -> id: input-payment-city]
2022-12-20 15:11:50 INFO  CheckoutPage :124 - Postcode is  LS2 4ZX[[ChromeDriver: chrome on WINDOWS (069336085e90268f3badcf4d955e8926)] -> id: input-payment-postcode]
2022-12-20 15:11:50 INFO  CheckoutPage :135 - Country name Switzerland[[ChromeDriver: chrome on WINDOWS (069336085e90268f3badcf4d955e8926)] -> xpath: //select[@id='input-payment-country']]
2022-12-20 15:11:50 INFO  CheckoutPage :145 - Region is Bern[[ChromeDriver: chrome on WINDOWS (069336085e90268f3badcf4d955e8926)] -> xpath: //select[@id='input-payment-zone']]
2022-12-20 15:11:51 INFO  CheckoutPage :155 - click on continue[[ChromeDriver: chrome on WINDOWS (069336085e90268f3badcf4d955e8926)] -> id: button-guest]
2022-12-20 15:11:51 INFO  CheckoutPage :167 - Please delivary onTime[[ChromeDriver: chrome on WINDOWS (069336085e90268f3badcf4d955e8926)] -> xpath: //body/div[@id='checkout-checkout']/div[1]/div[1]/div[1]/div[3]/div[2]/div[1]/p[2]/textarea[1]]
2022-12-20 15:11:52 INFO  CheckoutPage :179 - clickOnTermsAndCondition[[ChromeDriver: chrome on WINDOWS (069336085e90268f3badcf4d955e8926)] -> xpath: //input[@type='checkbox']]
2022-12-20 15:11:53 INFO  CheckoutPage :190 - click on continue[[ChromeDriver: chrome on WINDOWS (069336085e90268f3badcf4d955e8926)] -> id: button-payment-method]
2022-12-20 15:11:54 INFO  CheckoutPage :202 - “Warning: Payment method required [[ChromeDriver: chrome on WINDOWS (069336085e90268f3badcf4d955e8926)] -> xpath: //body/div[@id='checkout-checkout']/div[1]/div[1]/div[1]/div[3]/div[2]/div[1]/div[1]]
2022-12-20 15:11:59 INFO  RegisterAccountPage :22 - Verify Register account text[[ChromeDriver: chrome on WINDOWS (8664459769717ddd254eecda497532be)] -> xpath: //h1[contains(text(),'Register Account')]]
2022-12-20 15:12:04 INFO  LoginPage :22 - verifying text Returning customer[[ChromeDriver: chrome on WINDOWS (d9446375c271f295d0214401af552447)] -> xpath: //h2[contains(text(),'Returning Customer')]]
2022-12-20 15:12:09 INFO  RegisterAccountPage :35 - enter first name Jenu[[ChromeDriver: chrome on WINDOWS (9f8d544d16b274921c3fdc095d6ade40)] -> id: input-firstname]
2022-12-20 15:12:09 INFO  RegisterAccountPage :44 - enter last  name Thak[[ChromeDriver: chrome on WINDOWS (9f8d544d16b274921c3fdc095d6ade40)] -> id: input-lastname]
2022-12-20 15:12:09 INFO  RegisterAccountPage :53 - Enter Email jenuthak[[ChromeDriver: chrome on WINDOWS (9f8d544d16b274921c3fdc095d6ade40)] -> id: input-email]
2022-12-20 15:12:09 INFO  RegisterAccountPage :62 - enter Telephone :  02035895647[[ChromeDriver: chrome on WINDOWS (9f8d544d16b274921c3fdc095d6ade40)] -> id: input-telephone]
2022-12-20 15:12:09 INFO  RegisterAccountPage :71 - Enter password : jenkate123[[ChromeDriver: chrome on WINDOWS (9f8d544d16b274921c3fdc095d6ade40)] -> id: input-password]
2022-12-20 15:12:09 INFO  RegisterAccountPage :79 - Enter Confirm Password : jenkate123[[ChromeDriver: chrome on WINDOWS (9f8d544d16b274921c3fdc095d6ade40)] -> id: input-confirm]
2022-12-20 15:12:09 INFO  RegisterAccountPage :89 - Click on Subscribe[[ChromeDriver: chrome on WINDOWS (9f8d544d16b274921c3fdc095d6ade40)] -> name: newsletter]
2022-12-20 15:12:09 INFO  RegisterAccountPage :99 - click on checkbox  [[ChromeDriver: chrome on WINDOWS (9f8d544d16b274921c3fdc095d6ade40)] -> name: agree]
2022-12-20 15:12:10 INFO  RegisterAccountPage :109 - click on continue[[ChromeDriver: chrome on WINDOWS (9f8d544d16b274921c3fdc095d6ade40)] -> xpath: //body/div[@id='account-register']/div[1]/div[1]/form[1]/div[1]/div[1]/input[2]]
2022-12-20 15:12:10 INFO  HomePage :22 - Your Account Has Been Created![[ChromeDriver: chrome on WINDOWS (9f8d544d16b274921c3fdc095d6ade40)] -> xpath: //h1[contains(text(),'Your Account Has Been Created!')]]
2022-12-20 15:12:10 INFO  HomePage :35 - click on countinue tab[[ChromeDriver: chrome on WINDOWS (9f8d544d16b274921c3fdc095d6ade40)] -> link text: Continue]
2022-12-20 15:12:10 INFO  MyAccountPage :24 - click on My account[[ChromeDriver: chrome on WINDOWS (9f8d544d16b274921c3fdc095d6ade40)] -> xpath: //span[contains(text(),'My Account')]]
2022-12-20 15:12:11 INFO  LogOutAccountPage :21 - verifying account logout text[[ChromeDriver: chrome on WINDOWS (9f8d544d16b274921c3fdc095d6ade40)] -> xpath: //h1[contains(text(),'Account Logout')]]
2022-12-20 15:12:12 INFO  LogOutAccountPage :35 - click on continue[[ChromeDriver: chrome on WINDOWS (9f8d544d16b274921c3fdc095d6ade40)] -> xpath: //a[contains(text(),'Continue')]]
2022-12-20 15:12:17 INFO  RegisterAccountPage :119 - Enter Email jenuthakerkate@gmail.com[[ChromeDriver: chrome on WINDOWS (ef1f8b14eb1e4048ecedfa0081fec7e4)] -> id: input-email]
2022-12-20 15:12:17 INFO  RegisterAccountPage :71 - Enter password : jenkate12[[ChromeDriver: chrome on WINDOWS (ef1f8b14eb1e4048ecedfa0081fec7e4)] -> id: input-password]
2022-12-20 15:12:18 INFO  LoginPage :60 - click on login [[ChromeDriver: chrome on WINDOWS (ef1f8b14eb1e4048ecedfa0081fec7e4)] -> xpath: //body/div[@id='account-login']/div[1]/div[1]/div[1]/div[2]/div[1]/form[1]/input[1]]
2022-12-20 15:12:19 INFO  LogOutAccountPage :21 - verifying account logout text[[ChromeDriver: chrome on WINDOWS (ef1f8b14eb1e4048ecedfa0081fec7e4)] -> xpath: //h1[contains(text(),'Account Logout')]]
2022-12-20 15:12:23 INFO  HomePage :68 - click on desktop tab[[ChromeDriver: chrome on WINDOWS (6df632968f55731fef4322089c28515e)] -> link text: Desktops]
2022-12-20 15:12:23 INFO  HomePage :79 - click on All desktop tab[[ChromeDriver: chrome on WINDOWS (6df632968f55731fef4322089c28515e)] -> link text: Show All Desktops]
2022-12-20 15:12:24 INFO  DesktopsPage :43 - verify desktop text[[ChromeDriver: chrome on WINDOWS (6df632968f55731fef4322089c28515e)] -> xpath: //h2[contains(text(),'Desktops')]]
2022-12-20 15:12:28 INFO  HomePage :61 - click on laptop and notebook[[ChromeDriver: chrome on WINDOWS (1c35080197ac4008ca38e397fba8a4d6)] -> link text: Laptops & Notebooks]
2022-12-20 15:12:29 INFO  LaptopAndNoteBookPage :32 - verify text Laptop[[ChromeDriver: chrome on WINDOWS (1c35080197ac4008ca38e397fba8a4d6)] -> xpath: //h2[contains(text(),'Laptops & Notebooks')]]
2022-12-20 15:12:33 INFO  HomePage :75 - click on Components[[ChromeDriver: chrome on WINDOWS (659f97a11581ee647ec40ae381029b95)] -> link text: Components]
2022-12-20 15:12:53 INFO  HomePage :79 - click on All desktop tabProxy element for: DefaultElementLocator 'By.linkText: Show All Desktops'
2022-12-20 15:12:54 INFO  ComponentsPage :21 - verify text components[[ChromeDriver: chrome on WINDOWS (659f97a11581ee647ec40ae381029b95)] -> xpath: //h2[contains(text(),'Components')]]
